{"C:\\Users\\NickNJelly\\OneDrive\\Documents\\Triple-Threat-plus-One\\04 Impl\\Frontend\\src\\config.ts": {"path":"C:\\Users\\NickNJelly\\OneDrive\\Documents\\Triple-Threat-plus-One\\04 Impl\\Frontend\\src\\config.ts","statementMap":{"0":{"start":{"line":1,"column":23},"end":{"line":1,"column":50}}},"fnMap":{},"branchMap":{},"s":{"0":0},"f":{},"b":{}}
,"C:\\Users\\NickNJelly\\OneDrive\\Documents\\Triple-Threat-plus-One\\04 Impl\\Frontend\\src\\index.tsx": {"path":"C:\\Users\\NickNJelly\\OneDrive\\Documents\\Triple-Threat-plus-One\\04 Impl\\Frontend\\src\\index.tsx","statementMap":{"0":{"start":{"line":6,"column":30},"end":{"line":10,"column":1}},"1":{"start":{"line":7,"column":2},"end":{"line":9,"column":17}}},"fnMap":{"0":{"name":"(anonymous_0)","decl":{"start":{"line":6,"column":30},"end":{"line":6,"column":31}},"loc":{"start":{"line":7,"column":2},"end":{"line":9,"column":17}},"line":7}},"branchMap":{},"s":{"0":0,"1":0},"f":{"0":0},"b":{}}
,"C:\\Users\\NickNJelly\\OneDrive\\Documents\\Triple-Threat-plus-One\\04 Impl\\Frontend\\src\\components\\AboutAppDrawer.tsx": {"path":"C:\\Users\\NickNJelly\\OneDrive\\Documents\\Triple-Threat-plus-One\\04 Impl\\Frontend\\src\\components\\AboutAppDrawer.tsx","statementMap":{"0":{"start":{"line":18,"column":54},"end":{"line":104,"column":1}},"1":{"start":{"line":19,"column":2},"end":{"line":103,"column":4}},"2":{"start":{"line":106,"column":15},"end":{"line":192,"column":2}}},"fnMap":{"0":{"name":"(anonymous_0)","decl":{"start":{"line":18,"column":54},"end":{"line":18,"column":55}},"loc":{"start":{"line":18,"column":80},"end":{"line":104,"column":1}},"line":18}},"branchMap":{},"s":{"0":0,"1":0,"2":0},"f":{"0":0},"b":{}}
,"C:\\Users\\NickNJelly\\OneDrive\\Documents\\Triple-Threat-plus-One\\04 Impl\\Frontend\\src\\components\\ChangePasswordDrawer.tsx": {"path":"C:\\Users\\NickNJelly\\OneDrive\\Documents\\Triple-Threat-plus-One\\04 Impl\\Frontend\\src\\components\\ChangePasswordDrawer.tsx","statementMap":{"0":{"start":{"line":23,"column":66},"end":{"line":212,"column":1}},"1":{"start":{"line":24,"column":48},"end":{"line":24,"column":60}},"2":{"start":{"line":25,"column":40},"end":{"line":25,"column":52}},"3":{"start":{"line":26,"column":48},"end":{"line":26,"column":60}},"4":{"start":{"line":27,"column":56},"end":{"line":27,"column":71}},"5":{"start":{"line":28,"column":48},"end":{"line":28,"column":63}},"6":{"start":{"line":29,"column":56},"end":{"line":29,"column":71}},"7":{"start":{"line":30,"column":32},"end":{"line":30,"column":47}},"8":{"start":{"line":31,"column":19},"end":{"line":31,"column":28}},"9":{"start":{"line":33,"column":27},"end":{"line":36,"column":3}},"10":{"start":{"line":34,"column":18},"end":{"line":34,"column":88}},"11":{"start":{"line":35,"column":4},"end":{"line":35,"column":32}},"12":{"start":{"line":38,"column":31},"end":{"line":87,"column":3}},"13":{"start":{"line":39,"column":4},"end":{"line":86,"column":5}},"14":{"start":{"line":41,"column":6},"end":{"line":44,"column":7}},"15":{"start":{"line":42,"column":8},"end":{"line":42,"column":56}},"16":{"start":{"line":43,"column":8},"end":{"line":43,"column":15}},"17":{"start":{"line":46,"column":6},"end":{"line":49,"column":7}},"18":{"start":{"line":47,"column":8},"end":{"line":47,"column":59}},"19":{"start":{"line":48,"column":8},"end":{"line":48,"column":15}},"20":{"start":{"line":51,"column":6},"end":{"line":57,"column":7}},"21":{"start":{"line":52,"column":8},"end":{"line":55,"column":10}},"22":{"start":{"line":56,"column":8},"end":{"line":56,"column":15}},"23":{"start":{"line":59,"column":6},"end":{"line":59,"column":23}},"24":{"start":{"line":61,"column":23},"end":{"line":65,"column":8}},"25":{"start":{"line":67,"column":6},"end":{"line":80,"column":7}},"26":{"start":{"line":68,"column":8},"end":{"line":79,"column":11}},"27":{"start":{"line":72,"column":14},"end":{"line":72,"column":24}},"28":{"start":{"line":74,"column":14},"end":{"line":74,"column":37}},"29":{"start":{"line":75,"column":14},"end":{"line":75,"column":33}},"30":{"start":{"line":76,"column":14},"end":{"line":76,"column":37}},"31":{"start":{"line":82,"column":22},"end":{"line":82,"column":74}},"32":{"start":{"line":83,"column":6},"end":{"line":83,"column":36}},"33":{"start":{"line":85,"column":6},"end":{"line":85,"column":24}},"34":{"start":{"line":89,"column":2},"end":{"line":211,"column":4}},"35":{"start":{"line":134,"column":33},"end":{"line":134,"column":77}},"36":{"start":{"line":155,"column":33},"end":{"line":155,"column":69}},"37":{"start":{"line":176,"column":33},"end":{"line":176,"column":77}},"38":{"start":{"line":214,"column":15},"end":{"line":290,"column":2}}},"fnMap":{"0":{"name":"(anonymous_0)","decl":{"start":{"line":23,"column":66},"end":{"line":23,"column":67}},"loc":{"start":{"line":23,"column":92},"end":{"line":212,"column":1}},"line":23},"1":{"name":"(anonymous_1)","decl":{"start":{"line":33,"column":27},"end":{"line":33,"column":28}},"loc":{"start":{"line":33,"column":49},"end":{"line":36,"column":3}},"line":33},"2":{"name":"(anonymous_2)","decl":{"start":{"line":38,"column":31},"end":{"line":38,"column":32}},"loc":{"start":{"line":38,"column":43},"end":{"line":87,"column":3}},"line":38},"3":{"name":"(anonymous_3)","decl":{"start":{"line":71,"column":21},"end":{"line":71,"column":22}},"loc":{"start":{"line":71,"column":27},"end":{"line":77,"column":13}},"line":71},"4":{"name":"(anonymous_4)","decl":{"start":{"line":134,"column":27},"end":{"line":134,"column":28}},"loc":{"start":{"line":134,"column":33},"end":{"line":134,"column":77}},"line":134},"5":{"name":"(anonymous_5)","decl":{"start":{"line":155,"column":27},"end":{"line":155,"column":28}},"loc":{"start":{"line":155,"column":33},"end":{"line":155,"column":69}},"line":155},"6":{"name":"(anonymous_6)","decl":{"start":{"line":176,"column":27},"end":{"line":176,"column":28}},"loc":{"start":{"line":176,"column":33},"end":{"line":176,"column":77}},"line":176}},"branchMap":{"0":{"loc":{"start":{"line":41,"column":6},"end":{"line":44,"column":7}},"type":"if","locations":[{"start":{"line":41,"column":6},"end":{"line":44,"column":7}},{"start":{},"end":{}}],"line":41},"1":{"loc":{"start":{"line":41,"column":10},"end":{"line":41,"column":62}},"type":"binary-expr","locations":[{"start":{"line":41,"column":10},"end":{"line":41,"column":26}},{"start":{"line":41,"column":30},"end":{"line":41,"column":42}},{"start":{"line":41,"column":46},"end":{"line":41,"column":62}}],"line":41},"2":{"loc":{"start":{"line":46,"column":6},"end":{"line":49,"column":7}},"type":"if","locations":[{"start":{"line":46,"column":6},"end":{"line":49,"column":7}},{"start":{},"end":{}}],"line":46},"3":{"loc":{"start":{"line":51,"column":6},"end":{"line":57,"column":7}},"type":"if","locations":[{"start":{"line":51,"column":6},"end":{"line":57,"column":7}},{"start":{},"end":{}}],"line":51},"4":{"loc":{"start":{"line":67,"column":6},"end":{"line":80,"column":7}},"type":"if","locations":[{"start":{"line":67,"column":6},"end":{"line":80,"column":7}},{"start":{},"end":{}}],"line":67},"5":{"loc":{"start":{"line":82,"column":22},"end":{"line":82,"column":74}},"type":"binary-expr","locations":[{"start":{"line":82,"column":22},"end":{"line":82,"column":51}},{"start":{"line":82,"column":55},"end":{"line":82,"column":74}}],"line":82},"6":{"loc":{"start":{"line":137,"column":26},"end":{"line":137,"column":65}},"type":"cond-expr","locations":[{"start":{"line":137,"column":48},"end":{"line":137,"column":57}},{"start":{"line":137,"column":60},"end":{"line":137,"column":65}}],"line":137},"7":{"loc":{"start":{"line":158,"column":26},"end":{"line":158,"column":61}},"type":"cond-expr","locations":[{"start":{"line":158,"column":44},"end":{"line":158,"column":53}},{"start":{"line":158,"column":56},"end":{"line":158,"column":61}}],"line":158},"8":{"loc":{"start":{"line":179,"column":26},"end":{"line":179,"column":65}},"type":"cond-expr","locations":[{"start":{"line":179,"column":48},"end":{"line":179,"column":57}},{"start":{"line":179,"column":60},"end":{"line":179,"column":65}}],"line":179},"9":{"loc":{"start":{"line":200,"column":17},"end":{"line":204,"column":17}},"type":"cond-expr","locations":[{"start":{"line":201,"column":18},"end":{"line":201,"column":53}},{"start":{"line":203,"column":18},"end":{"line":203,"column":72}}],"line":200}},"s":{"0":0,"1":0,"2":0,"3":0,"4":0,"5":0,"6":0,"7":0,"8":0,"9":0,"10":0,"11":0,"12":0,"13":0,"14":0,"15":0,"16":0,"17":0,"18":0,"19":0,"20":0,"21":0,"22":0,"23":0,"24":0,"25":0,"26":0,"27":0,"28":0,"29":0,"30":0,"31":0,"32":0,"33":0,"34":0,"35":0,"36":0,"37":0,"38":0},"f":{"0":0,"1":0,"2":0,"3":0,"4":0,"5":0,"6":0},"b":{"0":[0,0],"1":[0,0,0],"2":[0,0],"3":[0,0],"4":[0,0],"5":[0,0],"6":[0,0],"7":[0,0],"8":[0,0],"9":[0,0]}}
,"C:\\Users\\NickNJelly\\OneDrive\\Documents\\Triple-Threat-plus-One\\04 Impl\\Frontend\\src\\components\\ClassScheduleCalendar.tsx": {"path":"C:\\Users\\NickNJelly\\OneDrive\\Documents\\Triple-Threat-plus-One\\04 Impl\\Frontend\\src\\components\\ClassScheduleCalendar.tsx","statementMap":{"0":{"start":{"line":45,"column":13},"end":{"line":45,"column":91}},"1":{"start":{"line":46,"column":15},"end":{"line":53,"column":1}},"2":{"start":{"line":55,"column":68},"end":{"line":216,"column":1}},"3":{"start":{"line":60,"column":42},"end":{"line":60,"column":62}},"4":{"start":{"line":61,"column":40},"end":{"line":61,"column":80}},"5":{"start":{"line":62,"column":40},"end":{"line":62,"column":65}},"6":{"start":{"line":64,"column":2},"end":{"line":100,"column":16}},"7":{"start":{"line":66,"column":19},"end":{"line":66,"column":44}},"8":{"start":{"line":67,"column":4},"end":{"line":69,"column":7}},"9":{"start":{"line":68,"column":6},"end":{"line":68,"column":63}},"10":{"start":{"line":70,"column":4},"end":{"line":70,"column":27}},"11":{"start":{"line":73,"column":32},"end":{"line":73,"column":34}},"12":{"start":{"line":74,"column":24},"end":{"line":74,"column":34}},"13":{"start":{"line":75,"column":25},"end":{"line":75,"column":47}},"14":{"start":{"line":76,"column":24},"end":{"line":76,"column":49}},"15":{"start":{"line":77,"column":24},"end":{"line":77,"column":76}},"16":{"start":{"line":79,"column":4},"end":{"line":98,"column":5}},"17":{"start":{"line":79,"column":19},"end":{"line":79,"column":20}},"18":{"start":{"line":80,"column":19},"end":{"line":80,"column":59}},"19":{"start":{"line":81,"column":24},"end":{"line":81,"column":37}},"20":{"start":{"line":82,"column":22},"end":{"line":82,"column":57}},"21":{"start":{"line":83,"column":28},"end":{"line":85,"column":7}},"22":{"start":{"line":84,"column":8},"end":{"line":84,"column":77}},"23":{"start":{"line":84,"column":45},"end":{"line":84,"column":76}},"24":{"start":{"line":87,"column":6},"end":{"line":97,"column":7}},"25":{"start":{"line":88,"column":27},"end":{"line":88,"column":59}},"26":{"start":{"line":89,"column":8},"end":{"line":96,"column":10}},"27":{"start":{"line":92,"column":57},"end":{"line":95,"column":11}},"28":{"start":{"line":99,"column":4},"end":{"line":99,"column":27}},"29":{"start":{"line":102,"column":29},"end":{"line":112,"column":3}},"30":{"start":{"line":103,"column":4},"end":{"line":111,"column":5}},"31":{"start":{"line":104,"column":21},"end":{"line":104,"column":32}},"32":{"start":{"line":105,"column":22},"end":{"line":105,"column":33}},"33":{"start":{"line":106,"column":24},"end":{"line":106,"column":35}},"34":{"start":{"line":107,"column":23},"end":{"line":107,"column":35}},"35":{"start":{"line":108,"column":21},"end":{"line":108,"column":32}},"36":{"start":{"line":109,"column":23},"end":{"line":109,"column":34}},"37":{"start":{"line":110,"column":15},"end":{"line":110,"column":25}},"38":{"start":{"line":114,"column":27},"end":{"line":119,"column":3}},"39":{"start":{"line":115,"column":20},"end":{"line":115,"column":59}},"40":{"start":{"line":116,"column":4},"end":{"line":118,"column":6}},"41":{"start":{"line":117,"column":6},"end":{"line":117,"column":75}},"42":{"start":{"line":117,"column":43},"end":{"line":117,"column":74}},"43":{"start":{"line":121,"column":25},"end":{"line":134,"column":3}},"44":{"start":{"line":122,"column":4},"end":{"line":133,"column":11}},"45":{"start":{"line":136,"column":21},"end":{"line":138,"column":3}},"46":{"start":{"line":137,"column":4},"end":{"line":137,"column":45}},"47":{"start":{"line":140,"column":2},"end":{"line":215,"column":4}},"48":{"start":{"line":189,"column":38},"end":{"line":189,"column":46}},"49":{"start":{"line":191,"column":16},"end":{"line":201,"column":23}},"50":{"start":{"line":194,"column":40},"end":{"line":194,"column":111}},"51":{"start":{"line":196,"column":22},"end":{"line":198,"column":29}},"52":{"start":{"line":218,"column":15},"end":{"line":320,"column":2}}},"fnMap":{"0":{"name":"(anonymous_0)","decl":{"start":{"line":55,"column":68},"end":{"line":55,"column":69}},"loc":{"start":{"line":59,"column":6},"end":{"line":216,"column":1}},"line":59},"1":{"name":"(anonymous_1)","decl":{"start":{"line":64,"column":12},"end":{"line":64,"column":13}},"loc":{"start":{"line":64,"column":18},"end":{"line":100,"column":3}},"line":64},"2":{"name":"(anonymous_2)","decl":{"start":{"line":67,"column":20},"end":{"line":67,"column":21}},"loc":{"start":{"line":67,"column":42},"end":{"line":69,"column":5}},"line":67},"3":{"name":"(anonymous_3)","decl":{"start":{"line":83,"column":43},"end":{"line":83,"column":44}},"loc":{"start":{"line":84,"column":8},"end":{"line":84,"column":77}},"line":84},"4":{"name":"(anonymous_4)","decl":{"start":{"line":84,"column":33},"end":{"line":84,"column":34}},"loc":{"start":{"line":84,"column":45},"end":{"line":84,"column":76}},"line":84},"5":{"name":"(anonymous_5)","decl":{"start":{"line":92,"column":34},"end":{"line":92,"column":35}},"loc":{"start":{"line":92,"column":57},"end":{"line":95,"column":11}},"line":92},"6":{"name":"(anonymous_6)","decl":{"start":{"line":102,"column":29},"end":{"line":102,"column":30}},"loc":{"start":{"line":102,"column":58},"end":{"line":112,"column":3}},"line":102},"7":{"name":"(anonymous_7)","decl":{"start":{"line":114,"column":27},"end":{"line":114,"column":28}},"loc":{"start":{"line":114,"column":43},"end":{"line":119,"column":3}},"line":114},"8":{"name":"(anonymous_8)","decl":{"start":{"line":116,"column":26},"end":{"line":116,"column":27}},"loc":{"start":{"line":117,"column":6},"end":{"line":117,"column":75}},"line":117},"9":{"name":"(anonymous_9)","decl":{"start":{"line":117,"column":31},"end":{"line":117,"column":32}},"loc":{"start":{"line":117,"column":43},"end":{"line":117,"column":74}},"line":117},"10":{"name":"(anonymous_10)","decl":{"start":{"line":121,"column":25},"end":{"line":121,"column":26}},"loc":{"start":{"line":122,"column":4},"end":{"line":133,"column":11}},"line":122},"11":{"name":"(anonymous_11)","decl":{"start":{"line":136,"column":21},"end":{"line":136,"column":22}},"loc":{"start":{"line":136,"column":40},"end":{"line":138,"column":3}},"line":136},"12":{"name":"(anonymous_12)","decl":{"start":{"line":189,"column":28},"end":{"line":189,"column":29}},"loc":{"start":{"line":189,"column":38},"end":{"line":189,"column":46}},"line":189},"13":{"name":"(anonymous_13)","decl":{"start":{"line":190,"column":26},"end":{"line":190,"column":27}},"loc":{"start":{"line":191,"column":16},"end":{"line":201,"column":23}},"line":191},"14":{"name":"(anonymous_14)","decl":{"start":{"line":194,"column":28},"end":{"line":194,"column":29}},"loc":{"start":{"line":194,"column":40},"end":{"line":194,"column":111}},"line":194},"15":{"name":"(anonymous_15)","decl":{"start":{"line":195,"column":25},"end":{"line":195,"column":26}},"loc":{"start":{"line":196,"column":22},"end":{"line":198,"column":29}},"line":196}},"branchMap":{"0":{"loc":{"start":{"line":87,"column":6},"end":{"line":97,"column":7}},"type":"if","locations":[{"start":{"line":87,"column":6},"end":{"line":97,"column":7}},{"start":{},"end":{}}],"line":87},"1":{"loc":{"start":{"line":103,"column":4},"end":{"line":111,"column":5}},"type":"switch","locations":[{"start":{"line":104,"column":6},"end":{"line":104,"column":32}},{"start":{"line":105,"column":6},"end":{"line":105,"column":33}},{"start":{"line":106,"column":6},"end":{"line":106,"column":35}},{"start":{"line":107,"column":6},"end":{"line":107,"column":35}},{"start":{"line":108,"column":6},"end":{"line":108,"column":32}},{"start":{"line":109,"column":6},"end":{"line":109,"column":34}},{"start":{"line":110,"column":6},"end":{"line":110,"column":25}}],"line":103}},"s":{"0":0,"1":0,"2":0,"3":0,"4":0,"5":0,"6":0,"7":0,"8":0,"9":0,"10":0,"11":0,"12":0,"13":0,"14":0,"15":0,"16":0,"17":0,"18":0,"19":0,"20":0,"21":0,"22":0,"23":0,"24":0,"25":0,"26":0,"27":0,"28":0,"29":0,"30":0,"31":0,"32":0,"33":0,"34":0,"35":0,"36":0,"37":0,"38":0,"39":0,"40":0,"41":0,"42":0,"43":0,"44":0,"45":0,"46":0,"47":0,"48":0,"49":0,"50":0,"51":0,"52":0},"f":{"0":0,"1":0,"2":0,"3":0,"4":0,"5":0,"6":0,"7":0,"8":0,"9":0,"10":0,"11":0,"12":0,"13":0,"14":0,"15":0},"b":{"0":[0,0],"1":[0,0,0,0,0,0,0]}}
,"C:\\Users\\NickNJelly\\OneDrive\\Documents\\Triple-Threat-plus-One\\04 Impl\\Frontend\\src\\components\\ConfirmationModal.tsx": {"path":"C:\\Users\\NickNJelly\\OneDrive\\Documents\\Triple-Threat-plus-One\\04 Impl\\Frontend\\src\\components\\ConfirmationModal.tsx","statementMap":{"0":{"start":{"line":13,"column":60},"end":{"line":51,"column":1}},"1":{"start":{"line":20,"column":2},"end":{"line":50,"column":4}},"2":{"start":{"line":53,"column":15},"end":{"line":123,"column":2}}},"fnMap":{"0":{"name":"(anonymous_0)","decl":{"start":{"line":13,"column":60},"end":{"line":13,"column":61}},"loc":{"start":{"line":19,"column":6},"end":{"line":51,"column":1}},"line":19}},"branchMap":{},"s":{"0":0,"1":0,"2":0},"f":{"0":0},"b":{}}
,"C:\\Users\\NickNJelly\\OneDrive\\Documents\\Triple-Threat-plus-One\\04 Impl\\Frontend\\src\\components\\DevLoginTool.tsx": {"path":"C:\\Users\\NickNJelly\\OneDrive\\Documents\\Triple-Threat-plus-One\\04 Impl\\Frontend\\src\\components\\DevLoginTool.tsx","statementMap":{"0":{"start":{"line":10,"column":31},"end":{"line":91,"column":1}},"1":{"start":{"line":11,"column":21},"end":{"line":11,"column":52}},"2":{"start":{"line":12,"column":20},"end":{"line":12,"column":29}},"3":{"start":{"line":13,"column":42},"end":{"line":13,"column":57}},"4":{"start":{"line":15,"column":25},"end":{"line":37,"column":3}},"5":{"start":{"line":16,"column":4},"end":{"line":35,"column":5}},"6":{"start":{"line":18,"column":27},"end":{"line":22,"column":7}},"7":{"start":{"line":24,"column":22},"end":{"line":24,"column":40}},"8":{"start":{"line":25,"column":6},"end":{"line":25,"column":54}},"9":{"start":{"line":28,"column":6},"end":{"line":31,"column":9}},"10":{"start":{"line":33,"column":6},"end":{"line":33,"column":48}},"11":{"start":{"line":34,"column":6},"end":{"line":34,"column":103}},"12":{"start":{"line":36,"column":4},"end":{"line":36,"column":27}},"13":{"start":{"line":39,"column":2},"end":{"line":90,"column":4}},"14":{"start":{"line":43,"column":23},"end":{"line":43,"column":44}},"15":{"start":{"line":52,"column":30},"end":{"line":52,"column":52}},"16":{"start":{"line":61,"column":29},"end":{"line":61,"column":52}},"17":{"start":{"line":68,"column":29},"end":{"line":68,"column":57}},"18":{"start":{"line":75,"column":29},"end":{"line":75,"column":54}},"19":{"start":{"line":82,"column":29},"end":{"line":82,"column":51}},"20":{"start":{"line":93,"column":15},"end":{"line":168,"column":2}}},"fnMap":{"0":{"name":"(anonymous_0)","decl":{"start":{"line":10,"column":31},"end":{"line":10,"column":32}},"loc":{"start":{"line":10,"column":37},"end":{"line":91,"column":1}},"line":10},"1":{"name":"(anonymous_1)","decl":{"start":{"line":15,"column":25},"end":{"line":15,"column":26}},"loc":{"start":{"line":15,"column":77},"end":{"line":37,"column":3}},"line":15},"2":{"name":"(anonymous_2)","decl":{"start":{"line":43,"column":17},"end":{"line":43,"column":18}},"loc":{"start":{"line":43,"column":23},"end":{"line":43,"column":44}},"line":43},"3":{"name":"(anonymous_3)","decl":{"start":{"line":52,"column":24},"end":{"line":52,"column":25}},"loc":{"start":{"line":52,"column":30},"end":{"line":52,"column":52}},"line":52},"4":{"name":"(anonymous_4)","decl":{"start":{"line":61,"column":23},"end":{"line":61,"column":24}},"loc":{"start":{"line":61,"column":29},"end":{"line":61,"column":52}},"line":61},"5":{"name":"(anonymous_5)","decl":{"start":{"line":68,"column":23},"end":{"line":68,"column":24}},"loc":{"start":{"line":68,"column":29},"end":{"line":68,"column":57}},"line":68},"6":{"name":"(anonymous_6)","decl":{"start":{"line":75,"column":23},"end":{"line":75,"column":24}},"loc":{"start":{"line":75,"column":29},"end":{"line":75,"column":54}},"line":75},"7":{"name":"(anonymous_7)","decl":{"start":{"line":82,"column":23},"end":{"line":82,"column":24}},"loc":{"start":{"line":82,"column":29},"end":{"line":82,"column":51}},"line":82}},"branchMap":{"0":{"loc":{"start":{"line":30,"column":25},"end":{"line":30,"column":102}},"type":"cond-expr","locations":[{"start":{"line":30,"column":44},"end":{"line":30,"column":51}},{"start":{"line":30,"column":54},"end":{"line":30,"column":102}}],"line":30},"1":{"loc":{"start":{"line":30,"column":54},"end":{"line":30,"column":102}},"type":"cond-expr","locations":[{"start":{"line":30,"column":78},"end":{"line":30,"column":90}},{"start":{"line":30,"column":93},"end":{"line":30,"column":102}}],"line":30}},"s":{"0":0,"1":0,"2":0,"3":0,"4":0,"5":0,"6":0,"7":0,"8":0,"9":0,"10":0,"11":0,"12":0,"13":0,"14":0,"15":0,"16":0,"17":0,"18":0,"19":0,"20":0},"f":{"0":0,"1":0,"2":0,"3":0,"4":0,"5":0,"6":0,"7":0},"b":{"0":[0,0],"1":[0,0]}}
,"C:\\Users\\NickNJelly\\OneDrive\\Documents\\Triple-Threat-plus-One\\04 Impl\\Frontend\\src\\components\\LogoutConfirmationModal.tsx": {"path":"C:\\Users\\NickNJelly\\OneDrive\\Documents\\Triple-Threat-plus-One\\04 Impl\\Frontend\\src\\components\\LogoutConfirmationModal.tsx","statementMap":{"0":{"start":{"line":10,"column":72},"end":{"line":45,"column":1}},"1":{"start":{"line":15,"column":2},"end":{"line":44,"column":4}},"2":{"start":{"line":47,"column":15},"end":{"line":103,"column":2}}},"fnMap":{"0":{"name":"(anonymous_0)","decl":{"start":{"line":10,"column":72},"end":{"line":10,"column":73}},"loc":{"start":{"line":14,"column":6},"end":{"line":45,"column":1}},"line":14}},"branchMap":{},"s":{"0":0,"1":0,"2":0},"f":{"0":0},"b":{}}
,"C:\\Users\\NickNJelly\\OneDrive\\Documents\\Triple-Threat-plus-One\\04 Impl\\Frontend\\src\\components\\NotificationsDrawer.tsx": {"path":"C:\\Users\\NickNJelly\\OneDrive\\Documents\\Triple-Threat-plus-One\\04 Impl\\Frontend\\src\\components\\NotificationsDrawer.tsx","statementMap":{"0":{"start":{"line":22,"column":64},"end":{"line":99,"column":1}},"1":{"start":{"line":28,"column":2},"end":{"line":98,"column":4}},"2":{"start":{"line":64,"column":18},"end":{"line":85,"column":37}},"3":{"start":{"line":75,"column":35},"end":{"line":75,"column":64}},"4":{"start":{"line":101,"column":15},"end":{"line":198,"column":2}}},"fnMap":{"0":{"name":"(anonymous_0)","decl":{"start":{"line":22,"column":64},"end":{"line":22,"column":65}},"loc":{"start":{"line":27,"column":6},"end":{"line":99,"column":1}},"line":27},"1":{"name":"(anonymous_1)","decl":{"start":{"line":63,"column":34},"end":{"line":63,"column":35}},"loc":{"start":{"line":64,"column":18},"end":{"line":85,"column":37}},"line":64},"2":{"name":"(anonymous_2)","decl":{"start":{"line":75,"column":29},"end":{"line":75,"column":30}},"loc":{"start":{"line":75,"column":35},"end":{"line":75,"column":64}},"line":75}},"branchMap":{"0":{"loc":{"start":{"line":62,"column":15},"end":{"line":92,"column":15}},"type":"cond-expr","locations":[{"start":{"line":63,"column":16},"end":{"line":86,"column":18}},{"start":{"line":88,"column":16},"end":{"line":91,"column":23}}],"line":62},"1":{"loc":{"start":{"line":68,"column":22},"end":{"line":68,"column":69}},"type":"binary-expr","locations":[{"start":{"line":68,"column":22},"end":{"line":68,"column":40}},{"start":{"line":68,"column":44},"end":{"line":68,"column":69}}],"line":68},"2":{"loc":{"start":{"line":71,"column":26},"end":{"line":72,"column":81}},"type":"cond-expr","locations":[{"start":{"line":71,"column":61},"end":{"line":71,"column":70}},{"start":{"line":72,"column":26},"end":{"line":72,"column":81}}],"line":71},"3":{"loc":{"start":{"line":72,"column":26},"end":{"line":72,"column":81}},"type":"cond-expr","locations":[{"start":{"line":72,"column":60},"end":{"line":72,"column":69}},{"start":{"line":72,"column":72},"end":{"line":72,"column":81}}],"line":72},"4":{"loc":{"start":{"line":82,"column":21},"end":{"line":84,"column":21}},"type":"binary-expr","locations":[{"start":{"line":82,"column":21},"end":{"line":82,"column":39}},{"start":{"line":83,"column":22},"end":{"line":83,"column":55}}],"line":82}},"s":{"0":0,"1":0,"2":0,"3":0,"4":0},"f":{"0":0,"1":0,"2":0},"b":{"0":[0,0],"1":[0,0],"2":[0,0],"3":[0,0],"4":[0,0]}}
,"C:\\Users\\NickNJelly\\OneDrive\\Documents\\Triple-Threat-plus-One\\04 Impl\\Frontend\\src\\components\\ProtectedRoute.tsx": {"path":"C:\\Users\\NickNJelly\\OneDrive\\Documents\\Triple-Threat-plus-One\\04 Impl\\Frontend\\src\\components\\ProtectedRoute.tsx","statementMap":{"0":{"start":{"line":5,"column":33},"end":{"line":13,"column":1}},"1":{"start":{"line":6,"column":28},"end":{"line":6,"column":37}},"2":{"start":{"line":8,"column":2},"end":{"line":10,"column":3}},"3":{"start":{"line":9,"column":4},"end":{"line":9,"column":33}},"4":{"start":{"line":12,"column":2},"end":{"line":12,"column":54}}},"fnMap":{"0":{"name":"(anonymous_0)","decl":{"start":{"line":5,"column":33},"end":{"line":5,"column":34}},"loc":{"start":{"line":5,"column":39},"end":{"line":13,"column":1}},"line":5}},"branchMap":{"0":{"loc":{"start":{"line":8,"column":2},"end":{"line":10,"column":3}},"type":"if","locations":[{"start":{"line":8,"column":2},"end":{"line":10,"column":3}},{"start":{},"end":{}}],"line":8},"1":{"loc":{"start":{"line":12,"column":9},"end":{"line":12,"column":53}},"type":"cond-expr","locations":[{"start":{"line":12,"column":16},"end":{"line":12,"column":26}},{"start":{"line":12,"column":29},"end":{"line":12,"column":53}}],"line":12}},"s":{"0":0,"1":0,"2":0,"3":0,"4":0},"f":{"0":0},"b":{"0":[0,0],"1":[0,0]}}
,"C:\\Users\\NickNJelly\\OneDrive\\Documents\\Triple-Threat-plus-One\\04 Impl\\Frontend\\src\\components\\SuccessModal.tsx": {"path":"C:\\Users\\NickNJelly\\OneDrive\\Documents\\Triple-Threat-plus-One\\04 Impl\\Frontend\\src\\components\\SuccessModal.tsx","statementMap":{"0":{"start":{"line":11,"column":50},"end":{"line":67,"column":1}},"1":{"start":{"line":16,"column":19},"end":{"line":16,"column":62}},"2":{"start":{"line":18,"column":2},"end":{"line":34,"column":26}},"3":{"start":{"line":19,"column":4},"end":{"line":33,"column":5}},"4":{"start":{"line":20,"column":6},"end":{"line":32,"column":17}},"5":{"start":{"line":36,"column":2},"end":{"line":36,"column":28}},"6":{"start":{"line":36,"column":16},"end":{"line":36,"column":28}},"7":{"start":{"line":38,"column":2},"end":{"line":66,"column":4}},"8":{"start":{"line":69,"column":15},"end":{"line":105,"column":2}}},"fnMap":{"0":{"name":"(anonymous_0)","decl":{"start":{"line":11,"column":50},"end":{"line":11,"column":51}},"loc":{"start":{"line":15,"column":6},"end":{"line":67,"column":1}},"line":15},"1":{"name":"(anonymous_1)","decl":{"start":{"line":18,"column":12},"end":{"line":18,"column":13}},"loc":{"start":{"line":18,"column":18},"end":{"line":34,"column":3}},"line":18}},"branchMap":{"0":{"loc":{"start":{"line":14,"column":2},"end":{"line":14,"column":17}},"type":"default-arg","locations":[{"start":{"line":14,"column":13},"end":{"line":14,"column":17}}],"line":14},"1":{"loc":{"start":{"line":19,"column":4},"end":{"line":33,"column":5}},"type":"if","locations":[{"start":{"line":19,"column":4},"end":{"line":33,"column":5}},{"start":{},"end":{}}],"line":19},"2":{"loc":{"start":{"line":36,"column":2},"end":{"line":36,"column":28}},"type":"if","locations":[{"start":{"line":36,"column":2},"end":{"line":36,"column":28}},{"start":{},"end":{}}],"line":36}},"s":{"0":0,"1":0,"2":0,"3":0,"4":0,"5":0,"6":0,"7":0,"8":0},"f":{"0":0,"1":0},"b":{"0":[0],"1":[0,0],"2":[0,0]}}
,"C:\\Users\\NickNJelly\\OneDrive\\Documents\\Triple-Threat-plus-One\\04 Impl\\Frontend\\src\\components\\admin\\ActivityLogs.tsx": {"path":"C:\\Users\\NickNJelly\\OneDrive\\Documents\\Triple-Threat-plus-One\\04 Impl\\Frontend\\src\\components\\admin\\ActivityLogs.tsx","statementMap":{"0":{"start":{"line":27,"column":27},"end":{"line":283,"column":1}},"1":{"start":{"line":28,"column":21},"end":{"line":28,"column":52}},"2":{"start":{"line":29,"column":26},"end":{"line":29,"column":57}},"3":{"start":{"line":30,"column":32},"end":{"line":30,"column":46}},"4":{"start":{"line":31,"column":42},"end":{"line":31,"column":74}},"5":{"start":{"line":32,"column":50},"end":{"line":32,"column":65}},"6":{"start":{"line":33,"column":50},"end":{"line":33,"column":65}},"7":{"start":{"line":35,"column":2},"end":{"line":37,"column":9}},"8":{"start":{"line":36,"column":4},"end":{"line":36,"column":16}},"9":{"start":{"line":39,"column":20},"end":{"line":54,"column":3}},"10":{"start":{"line":40,"column":4},"end":{"line":53,"column":5}},"11":{"start":{"line":41,"column":6},"end":{"line":41,"column":23}},"12":{"start":{"line":42,"column":19},"end":{"line":42,"column":53}},"13":{"start":{"line":44,"column":24},"end":{"line":47,"column":9}},"14":{"start":{"line":44,"column":84},"end":{"line":47,"column":7}},"15":{"start":{"line":48,"column":6},"end":{"line":48,"column":46}},"16":{"start":{"line":50,"column":6},"end":{"line":50,"column":51}},"17":{"start":{"line":52,"column":6},"end":{"line":52,"column":24}},"18":{"start":{"line":56,"column":20},"end":{"line":66,"column":3}},"19":{"start":{"line":57,"column":4},"end":{"line":65,"column":7}},"20":{"start":{"line":58,"column":21},"end":{"line":58,"column":34}},"21":{"start":{"line":59,"column":6},"end":{"line":63,"column":7}},"22":{"start":{"line":60,"column":8},"end":{"line":60,"column":33}},"23":{"start":{"line":62,"column":8},"end":{"line":62,"column":30}},"24":{"start":{"line":64,"column":6},"end":{"line":64,"column":20}},"25":{"start":{"line":68,"column":21},"end":{"line":72,"column":3}},"26":{"start":{"line":69,"column":4},"end":{"line":69,"column":34}},"27":{"start":{"line":69,"column":21},"end":{"line":69,"column":34}},"28":{"start":{"line":70,"column":17},"end":{"line":70,"column":37}},"29":{"start":{"line":71,"column":4},"end":{"line":71,"column":33}},"30":{"start":{"line":74,"column":25},"end":{"line":83,"column":3}},"31":{"start":{"line":75,"column":4},"end":{"line":75,"column":32}},"32":{"start":{"line":75,"column":19},"end":{"line":75,"column":32}},"33":{"start":{"line":76,"column":20},"end":{"line":76,"column":48}},"34":{"start":{"line":77,"column":4},"end":{"line":79,"column":5}},"35":{"start":{"line":78,"column":6},"end":{"line":78,"column":34}},"36":{"start":{"line":80,"column":18},"end":{"line":80,"column":42}},"37":{"start":{"line":81,"column":29},"end":{"line":81,"column":41}},"38":{"start":{"line":82,"column":4},"end":{"line":82,"column":44}},"39":{"start":{"line":85,"column":25},"end":{"line":96,"column":3}},"40":{"start":{"line":86,"column":4},"end":{"line":95,"column":5}},"41":{"start":{"line":88,"column":8},"end":{"line":88,"column":25}},"42":{"start":{"line":90,"column":8},"end":{"line":90,"column":25}},"43":{"start":{"line":92,"column":8},"end":{"line":92,"column":25}},"44":{"start":{"line":94,"column":8},"end":{"line":94,"column":22}},"45":{"start":{"line":98,"column":24},"end":{"line":109,"column":3}},"46":{"start":{"line":99,"column":4},"end":{"line":108,"column":5}},"47":{"start":{"line":101,"column":8},"end":{"line":101,"column":33}},"48":{"start":{"line":103,"column":8},"end":{"line":103,"column":34}},"49":{"start":{"line":105,"column":8},"end":{"line":105,"column":30}},"50":{"start":{"line":107,"column":8},"end":{"line":107,"column":29}},"51":{"start":{"line":111,"column":28},"end":{"line":114,"column":3}},"52":{"start":{"line":112,"column":20},"end":{"line":112,"column":74}},"53":{"start":{"line":113,"column":4},"end":{"line":113,"column":63}},"54":{"start":{"line":116,"column":24},"end":{"line":200,"column":3}},"55":{"start":{"line":117,"column":23},"end":{"line":117,"column":55}},"56":{"start":{"line":118,"column":24},"end":{"line":118,"column":51}},"57":{"start":{"line":120,"column":4},"end":{"line":199,"column":6}},"58":{"start":{"line":124,"column":23},"end":{"line":124,"column":48}},"59":{"start":{"line":202,"column":26},"end":{"line":205,"column":3}},"60":{"start":{"line":203,"column":4},"end":{"line":203,"column":45}},"61":{"start":{"line":204,"column":4},"end":{"line":204,"column":30}},"62":{"start":{"line":207,"column":29},"end":{"line":227,"column":3}},"63":{"start":{"line":208,"column":4},"end":{"line":226,"column":5}},"64":{"start":{"line":209,"column":6},"end":{"line":209,"column":47}},"65":{"start":{"line":210,"column":6},"end":{"line":210,"column":23}},"66":{"start":{"line":211,"column":21},"end":{"line":211,"column":45}},"67":{"start":{"line":212,"column":6},"end":{"line":212,"column":48}},"68":{"start":{"line":213,"column":6},"end":{"line":213,"column":18}},"69":{"start":{"line":214,"column":6},"end":{"line":214,"column":32}},"70":{"start":{"line":215,"column":6},"end":{"line":215,"column":57}},"71":{"start":{"line":215,"column":23},"end":{"line":215,"column":49}},"72":{"start":{"line":217,"column":6},"end":{"line":217,"column":51}},"73":{"start":{"line":218,"column":6},"end":{"line":222,"column":9}},"74":{"start":{"line":224,"column":6},"end":{"line":224,"column":24}},"75":{"start":{"line":225,"column":6},"end":{"line":225,"column":33}},"76":{"start":{"line":229,"column":2},"end":{"line":282,"column":4}},"77":{"start":{"line":235,"column":27},"end":{"line":235,"column":59}},"78":{"start":{"line":262,"column":43},"end":{"line":262,"column":95}},"79":{"start":{"line":272,"column":26},"end":{"line":272,"column":52}},"80":{"start":{"line":285,"column":15},"end":{"line":422,"column":2}}},"fnMap":{"0":{"name":"(anonymous_0)","decl":{"start":{"line":27,"column":27},"end":{"line":27,"column":28}},"loc":{"start":{"line":27,"column":33},"end":{"line":283,"column":1}},"line":27},"1":{"name":"(anonymous_1)","decl":{"start":{"line":35,"column":12},"end":{"line":35,"column":13}},"loc":{"start":{"line":35,"column":18},"end":{"line":37,"column":3}},"line":35},"2":{"name":"(anonymous_2)","decl":{"start":{"line":39,"column":20},"end":{"line":39,"column":21}},"loc":{"start":{"line":39,"column":32},"end":{"line":54,"column":3}},"line":39},"3":{"name":"(anonymous_3)","decl":{"start":{"line":44,"column":33},"end":{"line":44,"column":34}},"loc":{"start":{"line":44,"column":84},"end":{"line":47,"column":7}},"line":44},"4":{"name":"(anonymous_4)","decl":{"start":{"line":56,"column":20},"end":{"line":56,"column":21}},"loc":{"start":{"line":56,"column":43},"end":{"line":66,"column":3}},"line":56},"5":{"name":"(anonymous_5)","decl":{"start":{"line":57,"column":20},"end":{"line":57,"column":21}},"loc":{"start":{"line":57,"column":28},"end":{"line":65,"column":5}},"line":57},"6":{"name":"(anonymous_6)","decl":{"start":{"line":68,"column":21},"end":{"line":68,"column":22}},"loc":{"start":{"line":68,"column":45},"end":{"line":72,"column":3}},"line":68},"7":{"name":"(anonymous_7)","decl":{"start":{"line":74,"column":25},"end":{"line":74,"column":26}},"loc":{"start":{"line":74,"column":48},"end":{"line":83,"column":3}},"line":74},"8":{"name":"(anonymous_8)","decl":{"start":{"line":85,"column":25},"end":{"line":85,"column":26}},"loc":{"start":{"line":85,"column":45},"end":{"line":96,"column":3}},"line":85},"9":{"name":"(anonymous_9)","decl":{"start":{"line":98,"column":24},"end":{"line":98,"column":25}},"loc":{"start":{"line":98,"column":44},"end":{"line":109,"column":3}},"line":98},"10":{"name":"(anonymous_10)","decl":{"start":{"line":111,"column":28},"end":{"line":111,"column":29}},"loc":{"start":{"line":111,"column":88},"end":{"line":114,"column":3}},"line":111},"11":{"name":"(anonymous_11)","decl":{"start":{"line":116,"column":24},"end":{"line":116,"column":25}},"loc":{"start":{"line":116,"column":87},"end":{"line":200,"column":3}},"line":116},"12":{"name":"(anonymous_12)","decl":{"start":{"line":124,"column":17},"end":{"line":124,"column":18}},"loc":{"start":{"line":124,"column":23},"end":{"line":124,"column":48}},"line":124},"13":{"name":"(anonymous_13)","decl":{"start":{"line":202,"column":26},"end":{"line":202,"column":27}},"loc":{"start":{"line":202,"column":38},"end":{"line":205,"column":3}},"line":202},"14":{"name":"(anonymous_14)","decl":{"start":{"line":207,"column":29},"end":{"line":207,"column":30}},"loc":{"start":{"line":207,"column":41},"end":{"line":227,"column":3}},"line":207},"15":{"name":"(anonymous_15)","decl":{"start":{"line":215,"column":17},"end":{"line":215,"column":18}},"loc":{"start":{"line":215,"column":23},"end":{"line":215,"column":49}},"line":215},"16":{"name":"(anonymous_16)","decl":{"start":{"line":235,"column":21},"end":{"line":235,"column":22}},"loc":{"start":{"line":235,"column":27},"end":{"line":235,"column":59}},"line":235},"17":{"name":"(anonymous_17)","decl":{"start":{"line":262,"column":26},"end":{"line":262,"column":27}},"loc":{"start":{"line":262,"column":43},"end":{"line":262,"column":95}},"line":262},"18":{"name":"(anonymous_18)","decl":{"start":{"line":272,"column":20},"end":{"line":272,"column":21}},"loc":{"start":{"line":272,"column":26},"end":{"line":272,"column":52}},"line":272}},"branchMap":{"0":{"loc":{"start":{"line":46,"column":19},"end":{"line":46,"column":63}},"type":"binary-expr","locations":[{"start":{"line":46,"column":19},"end":{"line":46,"column":32}},{"start":{"line":46,"column":36},"end":{"line":46,"column":63}}],"line":46},"1":{"loc":{"start":{"line":59,"column":6},"end":{"line":63,"column":7}},"type":"if","locations":[{"start":{"line":59,"column":6},"end":{"line":63,"column":7}},{"start":{"line":61,"column":13},"end":{"line":63,"column":7}}],"line":59},"2":{"loc":{"start":{"line":69,"column":4},"end":{"line":69,"column":34}},"type":"if","locations":[{"start":{"line":69,"column":4},"end":{"line":69,"column":34}},{"start":{},"end":{}}],"line":69},"3":{"loc":{"start":{"line":75,"column":4},"end":{"line":75,"column":32}},"type":"if","locations":[{"start":{"line":75,"column":4},"end":{"line":75,"column":32}},{"start":{},"end":{}}],"line":75},"4":{"loc":{"start":{"line":77,"column":4},"end":{"line":79,"column":5}},"type":"if","locations":[{"start":{"line":77,"column":4},"end":{"line":79,"column":5}},{"start":{},"end":{}}],"line":77},"5":{"loc":{"start":{"line":86,"column":4},"end":{"line":95,"column":5}},"type":"switch","locations":[{"start":{"line":87,"column":6},"end":{"line":88,"column":25}},{"start":{"line":89,"column":6},"end":{"line":90,"column":25}},{"start":{"line":91,"column":6},"end":{"line":92,"column":25}},{"start":{"line":93,"column":6},"end":{"line":94,"column":22}}],"line":86},"6":{"loc":{"start":{"line":99,"column":4},"end":{"line":108,"column":5}},"type":"switch","locations":[{"start":{"line":100,"column":6},"end":{"line":101,"column":33}},{"start":{"line":102,"column":6},"end":{"line":103,"column":34}},{"start":{"line":104,"column":6},"end":{"line":105,"column":30}},{"start":{"line":106,"column":6},"end":{"line":107,"column":29}}],"line":99},"7":{"loc":{"start":{"line":112,"column":20},"end":{"line":112,"column":74}},"type":"binary-expr","locations":[{"start":{"line":112,"column":20},"end":{"line":112,"column":34}},{"start":{"line":112,"column":38},"end":{"line":112,"column":74}}],"line":112},"8":{"loc":{"start":{"line":112,"column":50},"end":{"line":112,"column":72}},"type":"binary-expr","locations":[{"start":{"line":112,"column":50},"end":{"line":112,"column":58}},{"start":{"line":112,"column":62},"end":{"line":112,"column":72}}],"line":112},"9":{"loc":{"start":{"line":113,"column":34},"end":{"line":113,"column":60}},"type":"cond-expr","locations":[{"start":{"line":113,"column":43},"end":{"line":113,"column":55}},{"start":{"line":113,"column":58},"end":{"line":113,"column":60}}],"line":113},"10":{"loc":{"start":{"line":149,"column":9},"end":{"line":197,"column":9}},"type":"binary-expr","locations":[{"start":{"line":149,"column":9},"end":{"line":149,"column":19}},{"start":{"line":150,"column":10},"end":{"line":196,"column":17}}],"line":149},"11":{"loc":{"start":{"line":167,"column":13},"end":{"line":175,"column":13}},"type":"binary-expr","locations":[{"start":{"line":167,"column":13},"end":{"line":167,"column":28}},{"start":{"line":168,"column":14},"end":{"line":174,"column":21}}],"line":167},"12":{"loc":{"start":{"line":177,"column":13},"end":{"line":185,"column":13}},"type":"binary-expr","locations":[{"start":{"line":177,"column":13},"end":{"line":177,"column":28}},{"start":{"line":178,"column":14},"end":{"line":184,"column":21}}],"line":177},"13":{"loc":{"start":{"line":187,"column":13},"end":{"line":195,"column":13}},"type":"binary-expr","locations":[{"start":{"line":187,"column":13},"end":{"line":187,"column":27}},{"start":{"line":188,"column":14},"end":{"line":194,"column":21}}],"line":187},"14":{"loc":{"start":{"line":256,"column":9},"end":{"line":265,"column":9}},"type":"cond-expr","locations":[{"start":{"line":257,"column":10},"end":{"line":257,"column":82}},{"start":{"line":259,"column":10},"end":{"line":264,"column":12}}],"line":256}},"s":{"0":0,"1":0,"2":0,"3":0,"4":0,"5":0,"6":0,"7":0,"8":0,"9":0,"10":0,"11":0,"12":0,"13":0,"14":0,"15":0,"16":0,"17":0,"18":0,"19":0,"20":0,"21":0,"22":0,"23":0,"24":0,"25":0,"26":0,"27":0,"28":0,"29":0,"30":0,"31":0,"32":0,"33":0,"34":0,"35":0,"36":0,"37":0,"38":0,"39":0,"40":0,"41":0,"42":0,"43":0,"44":0,"45":0,"46":0,"47":0,"48":0,"49":0,"50":0,"51":0,"52":0,"53":0,"54":0,"55":0,"56":0,"57":0,"58":0,"59":0,"60":0,"61":0,"62":0,"63":0,"64":0,"65":0,"66":0,"67":0,"68":0,"69":0,"70":0,"71":0,"72":0,"73":0,"74":0,"75":0,"76":0,"77":0,"78":0,"79":0,"80":0},"f":{"0":0,"1":0,"2":0,"3":0,"4":0,"5":0,"6":0,"7":0,"8":0,"9":0,"10":0,"11":0,"12":0,"13":0,"14":0,"15":0,"16":0,"17":0,"18":0},"b":{"0":[0,0],"1":[0,0],"2":[0,0],"3":[0,0],"4":[0,0],"5":[0,0,0,0],"6":[0,0,0,0],"7":[0,0],"8":[0,0],"9":[0,0],"10":[0,0],"11":[0,0],"12":[0,0],"13":[0,0],"14":[0,0]}}
,"C:\\Users\\NickNJelly\\OneDrive\\Documents\\Triple-Threat-plus-One\\04 Impl\\Frontend\\src\\components\\admin\\RecordsOverview.tsx": {"path":"C:\\Users\\NickNJelly\\OneDrive\\Documents\\Triple-Threat-plus-One\\04 Impl\\Frontend\\src\\components\\admin\\RecordsOverview.tsx","statementMap":{"0":{"start":{"line":38,"column":34},"end":{"line":362,"column":1}},"1":{"start":{"line":39,"column":32},"end":{"line":39,"column":46}},"2":{"start":{"line":40,"column":28},"end":{"line":56,"column":4}},"3":{"start":{"line":57,"column":58},"end":{"line":57,"column":73}},"4":{"start":{"line":58,"column":48},"end":{"line":58,"column":63}},"5":{"start":{"line":59,"column":40},"end":{"line":59,"column":55}},"6":{"start":{"line":61,"column":2},"end":{"line":63,"column":9}},"7":{"start":{"line":62,"column":4},"end":{"line":62,"column":17}},"8":{"start":{"line":65,"column":21},"end":{"line":137,"column":3}},"9":{"start":{"line":66,"column":4},"end":{"line":136,"column":5}},"10":{"start":{"line":67,"column":6},"end":{"line":67,"column":23}},"11":{"start":{"line":70,"column":20},"end":{"line":70,"column":30}},"12":{"start":{"line":71,"column":27},"end":{"line":71,"column":63}},"13":{"start":{"line":72,"column":25},"end":{"line":72,"column":66}},"14":{"start":{"line":75,"column":26},"end":{"line":75,"column":41}},"15":{"start":{"line":76,"column":6},"end":{"line":76,"column":60}},"16":{"start":{"line":77,"column":27},"end":{"line":77,"column":77}},"17":{"start":{"line":80,"column":51},"end":{"line":84,"column":8}},"18":{"start":{"line":87,"column":30},"end":{"line":90,"column":8}},"19":{"start":{"line":88,"column":27},"end":{"line":88,"column":53}},"20":{"start":{"line":89,"column":8},"end":{"line":89,"column":70}},"21":{"start":{"line":92,"column":31},"end":{"line":95,"column":8}},"22":{"start":{"line":93,"column":27},"end":{"line":93,"column":53}},"23":{"start":{"line":94,"column":8},"end":{"line":94,"column":69}},"24":{"start":{"line":97,"column":32},"end":{"line":100,"column":8}},"25":{"start":{"line":98,"column":27},"end":{"line":98,"column":53}},"26":{"start":{"line":99,"column":8},"end":{"line":99,"column":70}},"27":{"start":{"line":103,"column":30},"end":{"line":108,"column":45}},"28":{"start":{"line":104,"column":8},"end":{"line":104,"column":43}},"29":{"start":{"line":105,"column":8},"end":{"line":105,"column":41}},"30":{"start":{"line":106,"column":8},"end":{"line":106,"column":42}},"31":{"start":{"line":107,"column":8},"end":{"line":107,"column":19}},"32":{"start":{"line":111,"column":25},"end":{"line":115,"column":7}},"33":{"start":{"line":113,"column":53},"end":{"line":113,"column":67}},"34":{"start":{"line":114,"column":56},"end":{"line":114,"column":69}},"35":{"start":{"line":118,"column":28},"end":{"line":120,"column":7}},"36":{"start":{"line":119,"column":8},"end":{"line":119,"column":63}},"37":{"start":{"line":122,"column":6},"end":{"line":130,"column":9}},"38":{"start":{"line":132,"column":6},"end":{"line":132,"column":52}},"39":{"start":{"line":133,"column":6},"end":{"line":133,"column":65}},"40":{"start":{"line":135,"column":6},"end":{"line":135,"column":24}},"41":{"start":{"line":139,"column":22},"end":{"line":187,"column":3}},"42":{"start":{"line":140,"column":4},"end":{"line":186,"column":5}},"43":{"start":{"line":141,"column":6},"end":{"line":141,"column":27}},"44":{"start":{"line":144,"column":24},"end":{"line":144,"column":102}},"45":{"start":{"line":147,"column":22},"end":{"line":151,"column":19}},"46":{"start":{"line":148,"column":21},"end":{"line":148,"column":63}},"47":{"start":{"line":149,"column":31},"end":{"line":149,"column":94}},"48":{"start":{"line":150,"column":8},"end":{"line":150,"column":159}},"49":{"start":{"line":153,"column":25},"end":{"line":153,"column":44}},"50":{"start":{"line":154,"column":23},"end":{"line":154,"column":89}},"51":{"start":{"line":156,"column":6},"end":{"line":178,"column":7}},"52":{"start":{"line":158,"column":21},"end":{"line":158,"column":80}},"53":{"start":{"line":159,"column":21},"end":{"line":159,"column":48}},"54":{"start":{"line":160,"column":8},"end":{"line":160,"column":46}},"55":{"start":{"line":161,"column":8},"end":{"line":161,"column":33}},"56":{"start":{"line":162,"column":8},"end":{"line":162,"column":21}},"57":{"start":{"line":165,"column":25},"end":{"line":165,"column":69}},"58":{"start":{"line":166,"column":8},"end":{"line":168,"column":11}},"59":{"start":{"line":170,"column":8},"end":{"line":177,"column":9}},"60":{"start":{"line":171,"column":10},"end":{"line":174,"column":13}},"61":{"start":{"line":176,"column":10},"end":{"line":176,"column":45}},"62":{"start":{"line":180,"column":6},"end":{"line":180,"column":62}},"63":{"start":{"line":182,"column":6},"end":{"line":182,"column":55}},"64":{"start":{"line":183,"column":6},"end":{"line":183,"column":55}},"65":{"start":{"line":185,"column":6},"end":{"line":185,"column":28}},"66":{"start":{"line":189,"column":30},"end":{"line":191,"column":3}},"67":{"start":{"line":190,"column":4},"end":{"line":190,"column":61}},"68":{"start":{"line":193,"column":2},"end":{"line":199,"column":3}},"69":{"start":{"line":194,"column":4},"end":{"line":198,"column":6}},"70":{"start":{"line":201,"column":2},"end":{"line":361,"column":4}},"71":{"start":{"line":234,"column":29},"end":{"line":234,"column":75}},"72":{"start":{"line":288,"column":29},"end":{"line":288,"column":65}},"73":{"start":{"line":364,"column":15},"end":{"line":541,"column":2}}},"fnMap":{"0":{"name":"(anonymous_0)","decl":{"start":{"line":38,"column":34},"end":{"line":38,"column":35}},"loc":{"start":{"line":38,"column":40},"end":{"line":362,"column":1}},"line":38},"1":{"name":"(anonymous_1)","decl":{"start":{"line":61,"column":12},"end":{"line":61,"column":13}},"loc":{"start":{"line":61,"column":18},"end":{"line":63,"column":3}},"line":61},"2":{"name":"(anonymous_2)","decl":{"start":{"line":65,"column":21},"end":{"line":65,"column":22}},"loc":{"start":{"line":65,"column":33},"end":{"line":137,"column":3}},"line":65},"3":{"name":"(anonymous_3)","decl":{"start":{"line":87,"column":51},"end":{"line":87,"column":52}},"loc":{"start":{"line":87,"column":68},"end":{"line":90,"column":7}},"line":87},"4":{"name":"(anonymous_4)","decl":{"start":{"line":92,"column":52},"end":{"line":92,"column":53}},"loc":{"start":{"line":92,"column":69},"end":{"line":95,"column":7}},"line":92},"5":{"name":"(anonymous_5)","decl":{"start":{"line":97,"column":53},"end":{"line":97,"column":54}},"loc":{"start":{"line":97,"column":70},"end":{"line":100,"column":7}},"line":97},"6":{"name":"(anonymous_6)","decl":{"start":{"line":103,"column":45},"end":{"line":103,"column":46}},"loc":{"start":{"line":103,"column":72},"end":{"line":108,"column":7}},"line":103},"7":{"name":"(anonymous_7)","decl":{"start":{"line":113,"column":41},"end":{"line":113,"column":42}},"loc":{"start":{"line":113,"column":53},"end":{"line":113,"column":67}},"line":113},"8":{"name":"(anonymous_8)","decl":{"start":{"line":114,"column":44},"end":{"line":114,"column":45}},"loc":{"start":{"line":114,"column":56},"end":{"line":114,"column":69}},"line":114},"9":{"name":"(anonymous_9)","decl":{"start":{"line":118,"column":46},"end":{"line":118,"column":47}},"loc":{"start":{"line":119,"column":8},"end":{"line":119,"column":63}},"line":119},"10":{"name":"(anonymous_10)","decl":{"start":{"line":139,"column":22},"end":{"line":139,"column":23}},"loc":{"start":{"line":139,"column":34},"end":{"line":187,"column":3}},"line":139},"11":{"name":"(anonymous_11)","decl":{"start":{"line":147,"column":40},"end":{"line":147,"column":41}},"loc":{"start":{"line":147,"column":50},"end":{"line":151,"column":7}},"line":147},"12":{"name":"(anonymous_12)","decl":{"start":{"line":189,"column":30},"end":{"line":189,"column":31}},"loc":{"start":{"line":189,"column":64},"end":{"line":191,"column":3}},"line":189},"13":{"name":"(anonymous_13)","decl":{"start":{"line":234,"column":23},"end":{"line":234,"column":24}},"loc":{"start":{"line":234,"column":29},"end":{"line":234,"column":75}},"line":234},"14":{"name":"(anonymous_14)","decl":{"start":{"line":288,"column":23},"end":{"line":288,"column":24}},"loc":{"start":{"line":288,"column":29},"end":{"line":288,"column":65}},"line":288}},"branchMap":{"0":{"loc":{"start":{"line":89,"column":15},"end":{"line":89,"column":69}},"type":"binary-expr","locations":[{"start":{"line":89,"column":15},"end":{"line":89,"column":41}},{"start":{"line":89,"column":45},"end":{"line":89,"column":69}}],"line":89},"1":{"loc":{"start":{"line":94,"column":15},"end":{"line":94,"column":68}},"type":"binary-expr","locations":[{"start":{"line":94,"column":15},"end":{"line":94,"column":40}},{"start":{"line":94,"column":44},"end":{"line":94,"column":68}}],"line":94},"2":{"loc":{"start":{"line":99,"column":15},"end":{"line":99,"column":69}},"type":"binary-expr","locations":[{"start":{"line":99,"column":15},"end":{"line":99,"column":41}},{"start":{"line":99,"column":45},"end":{"line":99,"column":69}}],"line":99},"3":{"loc":{"start":{"line":156,"column":6},"end":{"line":178,"column":7}},"type":"if","locations":[{"start":{"line":156,"column":6},"end":{"line":178,"column":7}},{"start":{"line":163,"column":13},"end":{"line":178,"column":7}}],"line":156},"4":{"loc":{"start":{"line":170,"column":8},"end":{"line":177,"column":9}},"type":"if","locations":[{"start":{"line":170,"column":8},"end":{"line":177,"column":9}},{"start":{"line":175,"column":15},"end":{"line":177,"column":9}}],"line":170},"5":{"loc":{"start":{"line":190,"column":11},"end":{"line":190,"column":60}},"type":"cond-expr","locations":[{"start":{"line":190,"column":23},"end":{"line":190,"column":56}},{"start":{"line":190,"column":59},"end":{"line":190,"column":60}}],"line":190},"6":{"loc":{"start":{"line":193,"column":2},"end":{"line":199,"column":3}},"type":"if","locations":[{"start":{"line":193,"column":2},"end":{"line":199,"column":3}},{"start":{},"end":{}}],"line":193},"7":{"loc":{"start":{"line":241,"column":22},"end":{"line":241,"column":74}},"type":"cond-expr","locations":[{"start":{"line":241,"column":45},"end":{"line":241,"column":57}},{"start":{"line":241,"column":60},"end":{"line":241,"column":74}}],"line":241},"8":{"loc":{"start":{"line":262,"column":13},"end":{"line":281,"column":13}},"type":"binary-expr","locations":[{"start":{"line":262,"column":13},"end":{"line":262,"column":33}},{"start":{"line":263,"column":14},"end":{"line":280,"column":21}}],"line":262},"9":{"loc":{"start":{"line":295,"column":22},"end":{"line":295,"column":69}},"type":"cond-expr","locations":[{"start":{"line":295,"column":40},"end":{"line":295,"column":52}},{"start":{"line":295,"column":55},"end":{"line":295,"column":69}}],"line":295},"10":{"loc":{"start":{"line":316,"column":13},"end":{"line":335,"column":13}},"type":"binary-expr","locations":[{"start":{"line":316,"column":13},"end":{"line":316,"column":28}},{"start":{"line":317,"column":14},"end":{"line":334,"column":21}}],"line":316},"11":{"loc":{"start":{"line":345,"column":12},"end":{"line":345,"column":54}},"type":"binary-expr","locations":[{"start":{"line":345,"column":12},"end":{"line":345,"column":23}},{"start":{"line":345,"column":27},"end":{"line":345,"column":54}}],"line":345},"12":{"loc":{"start":{"line":348,"column":20},"end":{"line":348,"column":59}},"type":"binary-expr","locations":[{"start":{"line":348,"column":20},"end":{"line":348,"column":31}},{"start":{"line":348,"column":35},"end":{"line":348,"column":59}}],"line":348},"13":{"loc":{"start":{"line":350,"column":11},"end":{"line":357,"column":11}},"type":"cond-expr","locations":[{"start":{"line":351,"column":12},"end":{"line":351,"column":62}},{"start":{"line":353,"column":12},"end":{"line":356,"column":15}}],"line":350}},"s":{"0":0,"1":0,"2":0,"3":0,"4":0,"5":0,"6":0,"7":0,"8":0,"9":0,"10":0,"11":0,"12":0,"13":0,"14":0,"15":0,"16":0,"17":0,"18":0,"19":0,"20":0,"21":0,"22":0,"23":0,"24":0,"25":0,"26":0,"27":0,"28":0,"29":0,"30":0,"31":0,"32":0,"33":0,"34":0,"35":0,"36":0,"37":0,"38":0,"39":0,"40":0,"41":0,"42":0,"43":0,"44":0,"45":0,"46":0,"47":0,"48":0,"49":0,"50":0,"51":0,"52":0,"53":0,"54":0,"55":0,"56":0,"57":0,"58":0,"59":0,"60":0,"61":0,"62":0,"63":0,"64":0,"65":0,"66":0,"67":0,"68":0,"69":0,"70":0,"71":0,"72":0,"73":0},"f":{"0":0,"1":0,"2":0,"3":0,"4":0,"5":0,"6":0,"7":0,"8":0,"9":0,"10":0,"11":0,"12":0,"13":0,"14":0},"b":{"0":[0,0],"1":[0,0],"2":[0,0],"3":[0,0],"4":[0,0],"5":[0,0],"6":[0,0],"7":[0,0],"8":[0,0],"9":[0,0],"10":[0,0],"11":[0,0],"12":[0,0],"13":[0,0]}}
,"C:\\Users\\NickNJelly\\OneDrive\\Documents\\Triple-Threat-plus-One\\04 Impl\\Frontend\\src\\components\\admin\\UserManager.tsx": {"path":"C:\\Users\\NickNJelly\\OneDrive\\Documents\\Triple-Threat-plus-One\\04 Impl\\Frontend\\src\\components\\admin\\UserManager.tsx","statementMap":{"0":{"start":{"line":21,"column":29},"end":{"line":985,"column":1}},"1":{"start":{"line":22,"column":21},"end":{"line":22,"column":52}},"2":{"start":{"line":23,"column":28},"end":{"line":23,"column":48}},"3":{"start":{"line":24,"column":32},"end":{"line":24,"column":46}},"4":{"start":{"line":25,"column":42},"end":{"line":25,"column":57}},"5":{"start":{"line":26,"column":40},"end":{"line":26,"column":67}},"6":{"start":{"line":27,"column":34},"end":{"line":27,"column":46}},"7":{"start":{"line":28,"column":28},"end":{"line":28,"column":40}},"8":{"start":{"line":29,"column":26},"end":{"line":29,"column":55}},"9":{"start":{"line":30,"column":30},"end":{"line":30,"column":42}},"10":{"start":{"line":31,"column":44},"end":{"line":31,"column":76}},"11":{"start":{"line":32,"column":50},"end":{"line":32,"column":65}},"12":{"start":{"line":33,"column":56},"end":{"line":33,"column":68}},"13":{"start":{"line":34,"column":44},"end":{"line":34,"column":76}},"14":{"start":{"line":35,"column":48},"end":{"line":35,"column":63}},"15":{"start":{"line":36,"column":48},"end":{"line":36,"column":63}},"16":{"start":{"line":37,"column":44},"end":{"line":37,"column":59}},"17":{"start":{"line":38,"column":40},"end":{"line":38,"column":80}},"18":{"start":{"line":40,"column":2},"end":{"line":42,"column":9}},"19":{"start":{"line":41,"column":4},"end":{"line":41,"column":17}},"20":{"start":{"line":44,"column":21},"end":{"line":54,"column":3}},"21":{"start":{"line":45,"column":4},"end":{"line":53,"column":5}},"22":{"start":{"line":46,"column":6},"end":{"line":46,"column":23}},"23":{"start":{"line":47,"column":19},"end":{"line":47,"column":43}},"24":{"start":{"line":48,"column":6},"end":{"line":48,"column":21}},"25":{"start":{"line":50,"column":6},"end":{"line":50,"column":85}},"26":{"start":{"line":52,"column":6},"end":{"line":52,"column":24}},"27":{"start":{"line":56,"column":24},"end":{"line":63,"column":3}},"28":{"start":{"line":57,"column":4},"end":{"line":57,"column":25}},"29":{"start":{"line":58,"column":4},"end":{"line":58,"column":20}},"30":{"start":{"line":59,"column":4},"end":{"line":59,"column":17}},"31":{"start":{"line":60,"column":4},"end":{"line":60,"column":23}},"32":{"start":{"line":61,"column":4},"end":{"line":61,"column":18}},"33":{"start":{"line":62,"column":4},"end":{"line":62,"column":26}},"34":{"start":{"line":65,"column":25},"end":{"line":72,"column":3}},"35":{"start":{"line":66,"column":4},"end":{"line":66,"column":25}},"36":{"start":{"line":67,"column":4},"end":{"line":67,"column":31}},"37":{"start":{"line":68,"column":4},"end":{"line":68,"column":25}},"38":{"start":{"line":69,"column":4},"end":{"line":69,"column":23}},"39":{"start":{"line":70,"column":4},"end":{"line":70,"column":27}},"40":{"start":{"line":71,"column":4},"end":{"line":71,"column":26}},"41":{"start":{"line":74,"column":27},"end":{"line":94,"column":3}},"42":{"start":{"line":75,"column":4},"end":{"line":93,"column":5}},"43":{"start":{"line":76,"column":19},"end":{"line":76,"column":48}},"44":{"start":{"line":76,"column":35},"end":{"line":76,"column":47}},"45":{"start":{"line":77,"column":6},"end":{"line":79,"column":7}},"46":{"start":{"line":78,"column":8},"end":{"line":78,"column":42}},"47":{"start":{"line":82,"column":26},"end":{"line":82,"column":56}},"48":{"start":{"line":83,"column":6},"end":{"line":86,"column":7}},"49":{"start":{"line":84,"column":8},"end":{"line":84,"column":67}},"50":{"start":{"line":85,"column":8},"end":{"line":85,"column":15}},"51":{"start":{"line":88,"column":6},"end":{"line":88,"column":38}},"52":{"start":{"line":89,"column":6},"end":{"line":89,"column":31}},"53":{"start":{"line":91,"column":27},"end":{"line":91,"column":100}},"54":{"start":{"line":92,"column":6},"end":{"line":92,"column":41}},"55":{"start":{"line":96,"column":25},"end":{"line":163,"column":3}},"56":{"start":{"line":97,"column":4},"end":{"line":100,"column":5}},"57":{"start":{"line":98,"column":6},"end":{"line":98,"column":65}},"58":{"start":{"line":99,"column":6},"end":{"line":99,"column":13}},"59":{"start":{"line":103,"column":4},"end":{"line":103,"column":23}},"60":{"start":{"line":106,"column":4},"end":{"line":109,"column":5}},"61":{"start":{"line":107,"column":6},"end":{"line":107,"column":79}},"62":{"start":{"line":108,"column":6},"end":{"line":108,"column":13}},"63":{"start":{"line":111,"column":4},"end":{"line":114,"column":5}},"64":{"start":{"line":112,"column":6},"end":{"line":112,"column":79}},"65":{"start":{"line":113,"column":6},"end":{"line":113,"column":13}},"66":{"start":{"line":116,"column":4},"end":{"line":119,"column":5}},"67":{"start":{"line":117,"column":6},"end":{"line":117,"column":77}},"68":{"start":{"line":118,"column":6},"end":{"line":118,"column":13}},"69":{"start":{"line":121,"column":4},"end":{"line":162,"column":5}},"70":{"start":{"line":122,"column":23},"end":{"line":127,"column":7}},"71":{"start":{"line":129,"column":6},"end":{"line":135,"column":7}},"72":{"start":{"line":130,"column":8},"end":{"line":130,"column":60}},"73":{"start":{"line":131,"column":8},"end":{"line":131,"column":61}},"74":{"start":{"line":133,"column":8},"end":{"line":133,"column":43}},"75":{"start":{"line":134,"column":8},"end":{"line":134,"column":59}},"76":{"start":{"line":137,"column":6},"end":{"line":137,"column":29}},"77":{"start":{"line":138,"column":6},"end":{"line":138,"column":19}},"78":{"start":{"line":140,"column":24},"end":{"line":140,"column":44}},"79":{"start":{"line":141,"column":6},"end":{"line":161,"column":7}},"80":{"start":{"line":143,"column":59},"end":{"line":143,"column":61}},"81":{"start":{"line":144,"column":8},"end":{"line":156,"column":11}},"82":{"start":{"line":145,"column":10},"end":{"line":155,"column":11}},"83":{"start":{"line":147,"column":14},"end":{"line":147,"column":42}},"84":{"start":{"line":148,"column":14},"end":{"line":148,"column":20}},"85":{"start":{"line":150,"column":14},"end":{"line":150,"column":45}},"86":{"start":{"line":151,"column":14},"end":{"line":151,"column":20}},"87":{"start":{"line":153,"column":14},"end":{"line":153,"column":43}},"88":{"start":{"line":154,"column":14},"end":{"line":154,"column":20}},"89":{"start":{"line":157,"column":8},"end":{"line":157,"column":39}},"90":{"start":{"line":158,"column":8},"end":{"line":158,"column":59}},"91":{"start":{"line":160,"column":8},"end":{"line":160,"column":85}},"92":{"start":{"line":165,"column":26},"end":{"line":167,"column":3}},"93":{"start":{"line":166,"column":4},"end":{"line":166,"column":24}},"94":{"start":{"line":170,"column":29},"end":{"line":178,"column":3}},"95":{"start":{"line":171,"column":23},"end":{"line":171,"column":66}},"96":{"start":{"line":171,"column":44},"end":{"line":171,"column":65}},"97":{"start":{"line":172,"column":25},"end":{"line":175,"column":6}},"98":{"start":{"line":173,"column":20},"end":{"line":173,"column":54}},"99":{"start":{"line":174,"column":6},"end":{"line":174,"column":44}},"100":{"start":{"line":176,"column":23},"end":{"line":176,"column":82}},"101":{"start":{"line":177,"column":4},"end":{"line":177,"column":58}},"102":{"start":{"line":181,"column":27},"end":{"line":188,"column":3}},"103":{"start":{"line":182,"column":4},"end":{"line":182,"column":21}},"104":{"start":{"line":183,"column":4},"end":{"line":187,"column":5}},"105":{"start":{"line":184,"column":6},"end":{"line":184,"column":38}},"106":{"start":{"line":186,"column":6},"end":{"line":186,"column":20}},"107":{"start":{"line":190,"column":21},"end":{"line":200,"column":3}},"108":{"start":{"line":191,"column":4},"end":{"line":199,"column":7}},"109":{"start":{"line":192,"column":21},"end":{"line":192,"column":34}},"110":{"start":{"line":193,"column":6},"end":{"line":197,"column":7}},"111":{"start":{"line":194,"column":8},"end":{"line":194,"column":30}},"112":{"start":{"line":196,"column":8},"end":{"line":196,"column":27}},"113":{"start":{"line":198,"column":6},"end":{"line":198,"column":20}},"114":{"start":{"line":202,"column":34},"end":{"line":208,"column":3}},"115":{"start":{"line":203,"column":4},"end":{"line":203,"column":36}},"116":{"start":{"line":204,"column":4},"end":{"line":204,"column":30}},"117":{"start":{"line":205,"column":4},"end":{"line":207,"column":13}},"118":{"start":{"line":206,"column":6},"end":{"line":206,"column":33}},"119":{"start":{"line":211,"column":26},"end":{"line":218,"column":3}},"120":{"start":{"line":212,"column":4},"end":{"line":212,"column":29}},"121":{"start":{"line":213,"column":4},"end":{"line":217,"column":7}},"122":{"start":{"line":214,"column":21},"end":{"line":214,"column":34}},"123":{"start":{"line":215,"column":6},"end":{"line":215,"column":25}},"124":{"start":{"line":216,"column":6},"end":{"line":216,"column":20}},"125":{"start":{"line":221,"column":26},"end":{"line":238,"column":3}},"126":{"start":{"line":222,"column":4},"end":{"line":237,"column":5}},"127":{"start":{"line":223,"column":6},"end":{"line":234,"column":9}},"128":{"start":{"line":224,"column":23},"end":{"line":224,"column":36}},"129":{"start":{"line":225,"column":8},"end":{"line":232,"column":9}},"130":{"start":{"line":226,"column":10},"end":{"line":226,"column":32}},"131":{"start":{"line":227,"column":10},"end":{"line":229,"column":11}},"132":{"start":{"line":228,"column":12},"end":{"line":228,"column":38}},"133":{"start":{"line":231,"column":10},"end":{"line":231,"column":29}},"134":{"start":{"line":233,"column":8},"end":{"line":233,"column":22}},"135":{"start":{"line":236,"column":6},"end":{"line":236,"column":25}},"136":{"start":{"line":241,"column":31},"end":{"line":276,"column":3}},"137":{"start":{"line":242,"column":4},"end":{"line":274,"column":5}},"138":{"start":{"line":244,"column":26},"end":{"line":244,"column":56}},"139":{"start":{"line":245,"column":32},"end":{"line":245,"column":57}},"140":{"start":{"line":247,"column":6},"end":{"line":250,"column":7}},"141":{"start":{"line":248,"column":8},"end":{"line":248,"column":67}},"142":{"start":{"line":249,"column":8},"end":{"line":249,"column":15}},"143":{"start":{"line":252,"column":23},"end":{"line":263,"column":8}},"144":{"start":{"line":253,"column":21},"end":{"line":253,"column":54}},"145":{"start":{"line":253,"column":37},"end":{"line":253,"column":53}},"146":{"start":{"line":254,"column":8},"end":{"line":256,"column":9}},"147":{"start":{"line":255,"column":10},"end":{"line":255,"column":55}},"148":{"start":{"line":257,"column":8},"end":{"line":262,"column":9}},"149":{"start":{"line":258,"column":10},"end":{"line":258,"column":45}},"150":{"start":{"line":260,"column":10},"end":{"line":260,"column":121}},"151":{"start":{"line":261,"column":10},"end":{"line":261,"column":22}},"152":{"start":{"line":265,"column":6},"end":{"line":265,"column":34}},"153":{"start":{"line":266,"column":6},"end":{"line":266,"column":82}},"154":{"start":{"line":267,"column":6},"end":{"line":267,"column":34}},"155":{"start":{"line":268,"column":6},"end":{"line":268,"column":32}},"156":{"start":{"line":269,"column":6},"end":{"line":269,"column":19}},"157":{"start":{"line":271,"column":27},"end":{"line":271,"column":101}},"158":{"start":{"line":272,"column":6},"end":{"line":272,"column":41}},"159":{"start":{"line":273,"column":6},"end":{"line":273,"column":67}},"160":{"start":{"line":275,"column":4},"end":{"line":275,"column":30}},"161":{"start":{"line":278,"column":26},"end":{"line":287,"column":3}},"162":{"start":{"line":279,"column":4},"end":{"line":286,"column":5}},"163":{"start":{"line":280,"column":6},"end":{"line":280,"column":34}},"164":{"start":{"line":281,"column":6},"end":{"line":281,"column":30}},"165":{"start":{"line":283,"column":25},"end":{"line":283,"column":52}},"166":{"start":{"line":283,"column":43},"end":{"line":283,"column":51}},"167":{"start":{"line":284,"column":6},"end":{"line":284,"column":44}},"168":{"start":{"line":285,"column":6},"end":{"line":285,"column":29}},"169":{"start":{"line":289,"column":28},"end":{"line":293,"column":3}},"170":{"start":{"line":290,"column":4},"end":{"line":290,"column":30}},"171":{"start":{"line":291,"column":4},"end":{"line":291,"column":32}},"172":{"start":{"line":292,"column":4},"end":{"line":292,"column":28}},"173":{"start":{"line":295,"column":25},"end":{"line":352,"column":1}},"174":{"start":{"line":296,"column":23},"end":{"line":296,"column":50}},"175":{"start":{"line":297,"column":23},"end":{"line":297,"column":50}},"176":{"start":{"line":299,"column":4},"end":{"line":351,"column":4}},"177":{"start":{"line":305,"column":23},"end":{"line":305,"column":48}},"178":{"start":{"line":306,"column":27},"end":{"line":306,"column":52}},"179":{"start":{"line":338,"column":25},"end":{"line":338,"column":45}},"180":{"start":{"line":344,"column":25},"end":{"line":344,"column":51}},"181":{"start":{"line":354,"column":15},"end":{"line":752,"column":4}},"182":{"start":{"line":754,"column":2},"end":{"line":984,"column":4}},"183":{"start":{"line":784,"column":36},"end":{"line":784,"column":44}},"184":{"start":{"line":805,"column":14},"end":{"line":807,"column":15}},"185":{"start":{"line":806,"column":16},"end":{"line":806,"column":41}},"186":{"start":{"line":837,"column":30},"end":{"line":837,"column":52}},"187":{"start":{"line":854,"column":16},"end":{"line":854,"column":34}},"188":{"start":{"line":855,"column":16},"end":{"line":855,"column":71}},"189":{"start":{"line":855,"column":40},"end":{"line":855,"column":68}},"190":{"start":{"line":867,"column":16},"end":{"line":867,"column":31}},"191":{"start":{"line":868,"column":16},"end":{"line":868,"column":68}},"192":{"start":{"line":868,"column":40},"end":{"line":868,"column":65}},"193":{"start":{"line":904,"column":16},"end":{"line":907,"column":17}},"194":{"start":{"line":905,"column":18},"end":{"line":905,"column":34}},"195":{"start":{"line":906,"column":18},"end":{"line":906,"column":71}},"196":{"start":{"line":906,"column":42},"end":{"line":906,"column":68}},"197":{"start":{"line":921,"column":31},"end":{"line":921,"column":53}},"198":{"start":{"line":940,"column":30},"end":{"line":940,"column":55}},"199":{"start":{"line":948,"column":59},"end":{"line":948,"column":97}},"200":{"start":{"line":956,"column":18},"end":{"line":956,"column":44}},"201":{"start":{"line":957,"column":18},"end":{"line":959,"column":19}},"202":{"start":{"line":958,"column":20},"end":{"line":958,"column":48}}},"fnMap":{"0":{"name":"(anonymous_0)","decl":{"start":{"line":21,"column":29},"end":{"line":21,"column":30}},"loc":{"start":{"line":21,"column":35},"end":{"line":985,"column":1}},"line":21},"1":{"name":"(anonymous_1)","decl":{"start":{"line":40,"column":12},"end":{"line":40,"column":13}},"loc":{"start":{"line":40,"column":18},"end":{"line":42,"column":3}},"line":40},"2":{"name":"(anonymous_2)","decl":{"start":{"line":44,"column":21},"end":{"line":44,"column":22}},"loc":{"start":{"line":44,"column":33},"end":{"line":54,"column":3}},"line":44},"3":{"name":"(anonymous_3)","decl":{"start":{"line":56,"column":24},"end":{"line":56,"column":25}},"loc":{"start":{"line":56,"column":30},"end":{"line":63,"column":3}},"line":56},"4":{"name":"(anonymous_4)","decl":{"start":{"line":65,"column":25},"end":{"line":65,"column":26}},"loc":{"start":{"line":65,"column":41},"end":{"line":72,"column":3}},"line":65},"5":{"name":"(anonymous_5)","decl":{"start":{"line":74,"column":27},"end":{"line":74,"column":28}},"loc":{"start":{"line":74,"column":49},"end":{"line":94,"column":3}},"line":74},"6":{"name":"(anonymous_6)","decl":{"start":{"line":76,"column":30},"end":{"line":76,"column":31}},"loc":{"start":{"line":76,"column":35},"end":{"line":76,"column":47}},"line":76},"7":{"name":"(anonymous_7)","decl":{"start":{"line":96,"column":25},"end":{"line":96,"column":26}},"loc":{"start":{"line":96,"column":37},"end":{"line":163,"column":3}},"line":96},"8":{"name":"(anonymous_8)","decl":{"start":{"line":144,"column":37},"end":{"line":144,"column":38}},"loc":{"start":{"line":144,"column":56},"end":{"line":156,"column":9}},"line":144},"9":{"name":"(anonymous_9)","decl":{"start":{"line":165,"column":26},"end":{"line":165,"column":27}},"loc":{"start":{"line":165,"column":32},"end":{"line":167,"column":3}},"line":165},"10":{"name":"(anonymous_10)","decl":{"start":{"line":170,"column":29},"end":{"line":170,"column":30}},"loc":{"start":{"line":170,"column":35},"end":{"line":178,"column":3}},"line":170},"11":{"name":"(anonymous_11)","decl":{"start":{"line":171,"column":36},"end":{"line":171,"column":37}},"loc":{"start":{"line":171,"column":44},"end":{"line":171,"column":65}},"line":171},"12":{"name":"(anonymous_12)","decl":{"start":{"line":172,"column":40},"end":{"line":172,"column":41}},"loc":{"start":{"line":172,"column":48},"end":{"line":175,"column":5}},"line":172},"13":{"name":"(anonymous_13)","decl":{"start":{"line":181,"column":27},"end":{"line":181,"column":28}},"loc":{"start":{"line":181,"column":50},"end":{"line":188,"column":3}},"line":181},"14":{"name":"(anonymous_14)","decl":{"start":{"line":190,"column":21},"end":{"line":190,"column":22}},"loc":{"start":{"line":190,"column":41},"end":{"line":200,"column":3}},"line":190},"15":{"name":"(anonymous_15)","decl":{"start":{"line":191,"column":21},"end":{"line":191,"column":22}},"loc":{"start":{"line":191,"column":29},"end":{"line":199,"column":5}},"line":191},"16":{"name":"(anonymous_16)","decl":{"start":{"line":202,"column":34},"end":{"line":202,"column":35}},"loc":{"start":{"line":202,"column":55},"end":{"line":208,"column":3}},"line":202},"17":{"name":"(anonymous_17)","decl":{"start":{"line":205,"column":15},"end":{"line":205,"column":16}},"loc":{"start":{"line":205,"column":21},"end":{"line":207,"column":5}},"line":205},"18":{"name":"(anonymous_18)","decl":{"start":{"line":211,"column":26},"end":{"line":211,"column":27}},"loc":{"start":{"line":211,"column":46},"end":{"line":218,"column":3}},"line":211},"19":{"name":"(anonymous_19)","decl":{"start":{"line":213,"column":21},"end":{"line":213,"column":22}},"loc":{"start":{"line":213,"column":29},"end":{"line":217,"column":5}},"line":213},"20":{"name":"(anonymous_20)","decl":{"start":{"line":221,"column":26},"end":{"line":221,"column":27}},"loc":{"start":{"line":221,"column":46},"end":{"line":238,"column":3}},"line":221},"21":{"name":"(anonymous_21)","decl":{"start":{"line":223,"column":23},"end":{"line":223,"column":24}},"loc":{"start":{"line":223,"column":31},"end":{"line":234,"column":7}},"line":223},"22":{"name":"(anonymous_22)","decl":{"start":{"line":241,"column":31},"end":{"line":241,"column":32}},"loc":{"start":{"line":241,"column":43},"end":{"line":276,"column":3}},"line":241},"23":{"name":"(anonymous_23)","decl":{"start":{"line":252,"column":45},"end":{"line":252,"column":46}},"loc":{"start":{"line":252,"column":61},"end":{"line":263,"column":7}},"line":252},"24":{"name":"(anonymous_24)","decl":{"start":{"line":253,"column":32},"end":{"line":253,"column":33}},"loc":{"start":{"line":253,"column":37},"end":{"line":253,"column":53}},"line":253},"25":{"name":"(anonymous_25)","decl":{"start":{"line":278,"column":26},"end":{"line":278,"column":27}},"loc":{"start":{"line":278,"column":32},"end":{"line":287,"column":3}},"line":278},"26":{"name":"(anonymous_26)","decl":{"start":{"line":283,"column":35},"end":{"line":283,"column":36}},"loc":{"start":{"line":283,"column":43},"end":{"line":283,"column":51}},"line":283},"27":{"name":"(anonymous_27)","decl":{"start":{"line":289,"column":28},"end":{"line":289,"column":29}},"loc":{"start":{"line":289,"column":34},"end":{"line":293,"column":3}},"line":289},"28":{"name":"(anonymous_28)","decl":{"start":{"line":295,"column":25},"end":{"line":295,"column":26}},"loc":{"start":{"line":295,"column":55},"end":{"line":352,"column":1}},"line":295},"29":{"name":"(anonymous_29)","decl":{"start":{"line":305,"column":17},"end":{"line":305,"column":18}},"loc":{"start":{"line":305,"column":23},"end":{"line":305,"column":48}},"line":305},"30":{"name":"(anonymous_30)","decl":{"start":{"line":306,"column":21},"end":{"line":306,"column":22}},"loc":{"start":{"line":306,"column":27},"end":{"line":306,"column":52}},"line":306},"31":{"name":"(anonymous_31)","decl":{"start":{"line":338,"column":19},"end":{"line":338,"column":20}},"loc":{"start":{"line":338,"column":25},"end":{"line":338,"column":45}},"line":338},"32":{"name":"(anonymous_32)","decl":{"start":{"line":344,"column":19},"end":{"line":344,"column":20}},"loc":{"start":{"line":344,"column":25},"end":{"line":344,"column":51}},"line":344},"33":{"name":"(anonymous_33)","decl":{"start":{"line":784,"column":26},"end":{"line":784,"column":27}},"loc":{"start":{"line":784,"column":36},"end":{"line":784,"column":44}},"line":784},"34":{"name":"(anonymous_34)","decl":{"start":{"line":804,"column":21},"end":{"line":804,"column":22}},"loc":{"start":{"line":804,"column":27},"end":{"line":808,"column":13}},"line":804},"35":{"name":"(anonymous_35)","decl":{"start":{"line":837,"column":24},"end":{"line":837,"column":25}},"loc":{"start":{"line":837,"column":30},"end":{"line":837,"column":52}},"line":837},"36":{"name":"(anonymous_36)","decl":{"start":{"line":853,"column":28},"end":{"line":853,"column":29}},"loc":{"start":{"line":853,"column":38},"end":{"line":856,"column":15}},"line":853},"37":{"name":"(anonymous_37)","decl":{"start":{"line":855,"column":31},"end":{"line":855,"column":32}},"loc":{"start":{"line":855,"column":40},"end":{"line":855,"column":68}},"line":855},"38":{"name":"(anonymous_38)","decl":{"start":{"line":866,"column":28},"end":{"line":866,"column":29}},"loc":{"start":{"line":866,"column":38},"end":{"line":869,"column":15}},"line":866},"39":{"name":"(anonymous_39)","decl":{"start":{"line":868,"column":31},"end":{"line":868,"column":32}},"loc":{"start":{"line":868,"column":40},"end":{"line":868,"column":65}},"line":868},"40":{"name":"(anonymous_40)","decl":{"start":{"line":903,"column":28},"end":{"line":903,"column":29}},"loc":{"start":{"line":903,"column":36},"end":{"line":908,"column":15}},"line":903},"41":{"name":"(anonymous_41)","decl":{"start":{"line":906,"column":33},"end":{"line":906,"column":34}},"loc":{"start":{"line":906,"column":42},"end":{"line":906,"column":68}},"line":906},"42":{"name":"(anonymous_42)","decl":{"start":{"line":921,"column":25},"end":{"line":921,"column":26}},"loc":{"start":{"line":921,"column":31},"end":{"line":921,"column":53}},"line":921},"43":{"name":"(anonymous_43)","decl":{"start":{"line":940,"column":24},"end":{"line":940,"column":25}},"loc":{"start":{"line":940,"column":30},"end":{"line":940,"column":55}},"line":940},"44":{"name":"(anonymous_44)","decl":{"start":{"line":948,"column":54},"end":{"line":948,"column":55}},"loc":{"start":{"line":948,"column":59},"end":{"line":948,"column":97}},"line":948},"45":{"name":"(anonymous_45)","decl":{"start":{"line":955,"column":25},"end":{"line":955,"column":26}},"loc":{"start":{"line":955,"column":31},"end":{"line":960,"column":17}},"line":955}},"branchMap":{"0":{"loc":{"start":{"line":50,"column":27},"end":{"line":50,"column":83}},"type":"binary-expr","locations":[{"start":{"line":50,"column":27},"end":{"line":50,"column":56}},{"start":{"line":50,"column":60},"end":{"line":50,"column":83}}],"line":50},"1":{"loc":{"start":{"line":77,"column":6},"end":{"line":79,"column":7}},"type":"if","locations":[{"start":{"line":77,"column":6},"end":{"line":79,"column":7}},{"start":{},"end":{}}],"line":77},"2":{"loc":{"start":{"line":83,"column":6},"end":{"line":86,"column":7}},"type":"if","locations":[{"start":{"line":83,"column":6},"end":{"line":86,"column":7}},{"start":{},"end":{}}],"line":83},"3":{"loc":{"start":{"line":91,"column":27},"end":{"line":91,"column":100}},"type":"binary-expr","locations":[{"start":{"line":91,"column":27},"end":{"line":91,"column":56}},{"start":{"line":91,"column":60},"end":{"line":91,"column":73}},{"start":{"line":91,"column":77},"end":{"line":91,"column":100}}],"line":91},"4":{"loc":{"start":{"line":97,"column":4},"end":{"line":100,"column":5}},"type":"if","locations":[{"start":{"line":97,"column":4},"end":{"line":100,"column":5}},{"start":{},"end":{}}],"line":97},"5":{"loc":{"start":{"line":97,"column":8},"end":{"line":97,"column":38}},"type":"binary-expr","locations":[{"start":{"line":97,"column":8},"end":{"line":97,"column":17}},{"start":{"line":97,"column":21},"end":{"line":97,"column":27}},{"start":{"line":97,"column":31},"end":{"line":97,"column":38}}],"line":97},"6":{"loc":{"start":{"line":106,"column":4},"end":{"line":109,"column":5}},"type":"if","locations":[{"start":{"line":106,"column":4},"end":{"line":109,"column":5}},{"start":{},"end":{}}],"line":106},"7":{"loc":{"start":{"line":106,"column":8},"end":{"line":106,"column":59}},"type":"binary-expr","locations":[{"start":{"line":106,"column":8},"end":{"line":106,"column":26}},{"start":{"line":106,"column":30},"end":{"line":106,"column":59}}],"line":106},"8":{"loc":{"start":{"line":111,"column":4},"end":{"line":114,"column":5}},"type":"if","locations":[{"start":{"line":111,"column":4},"end":{"line":114,"column":5}},{"start":{},"end":{}}],"line":111},"9":{"loc":{"start":{"line":111,"column":8},"end":{"line":111,"column":58}},"type":"binary-expr","locations":[{"start":{"line":111,"column":8},"end":{"line":111,"column":29}},{"start":{"line":111,"column":33},"end":{"
[...]
"column":6},"end":{"line":542,"column":18}},"217":{"start":{"line":547,"column":4},"end":{"line":560,"column":5}},"218":{"start":{"line":548,"column":16},"end":{"line":548,"column":43}},"219":{"start":{"line":549,"column":21},"end":{"line":549,"column":23}},"220":{"start":{"line":550,"column":6},"end":{"line":550,"column":59}},"221":{"start":{"line":550,"column":21},"end":{"line":550,"column":59}},"222":{"start":{"line":551,"column":6},"end":{"line":551,"column":53}},"223":{"start":{"line":551,"column":19},"end":{"line":551,"column":53}},"224":{"start":{"line":552,"column":6},"end":{"line":554,"column":7}},"225":{"start":{"line":553,"column":8},"end":{"line":553,"column":38}},"226":{"start":{"line":555,"column":23},"end":{"line":555,"column":41}},"227":{"start":{"line":556,"column":6},"end":{"line":556,"column":27}},"228":{"start":{"line":558,"column":6},"end":{"line":558,"column":60}},"229":{"start":{"line":559,"column":6},"end":{"line":559,"column":18}},"230":{"start":{"line":564,"column":4},"end":{"line":577,"column":5}},"231":{"start":{"line":565,"column":16},"end":{"line":565,"column":26}},"232":{"start":{"line":566,"column":21},"end":{"line":566,"column":23}},"233":{"start":{"line":567,"column":6},"end":{"line":567,"column":59}},"234":{"start":{"line":567,"column":21},"end":{"line":567,"column":59}},"235":{"start":{"line":568,"column":6},"end":{"line":568,"column":53}},"236":{"start":{"line":568,"column":19},"end":{"line":568,"column":53}},"237":{"start":{"line":569,"column":6},"end":{"line":571,"column":7}},"238":{"start":{"line":570,"column":8},"end":{"line":570,"column":38}},"239":{"start":{"line":572,"column":23},"end":{"line":572,"column":41}},"240":{"start":{"line":573,"column":6},"end":{"line":573,"column":27}},"241":{"start":{"line":575,"column":6},"end":{"line":575,"column":58}},"242":{"start":{"line":576,"column":6},"end":{"line":576,"column":18}},"243":{"start":{"line":581,"column":4},"end":{"line":587,"column":5}},"244":{"start":{"line":582,"column":23},"end":{"line":582,"column":63}},"245":{"start":{"line":583,"column":6},"end":{"line":583,"column":27}},"246":{"start":{"line":585,"column":6},"end":{"line":585,"column":53}},"247":{"start":{"line":586,"column":6},"end":{"line":586,"column":18}}},"fnMap":{"0":{"name":"(anonymous_0)","decl":{"start":{"line":10,"column":22},"end":{"line":10,"column":23}},"loc":{"start":{"line":10,"column":62},"end":{"line":24,"column":1}},"line":10},"1":{"name":"(anonymous_1)","decl":{"start":{"line":27,"column":22},"end":{"line":27,"column":23}},"loc":{"start":{"line":27,"column":34},"end":{"line":41,"column":1}},"line":27},"2":{"name":"(anonymous_2)","decl":{"start":{"line":53,"column":29},"end":{"line":53,"column":30}},"loc":{"start":{"line":53,"column":47},"end":{"line":71,"column":1}},"line":53},"3":{"name":"(anonymous_3)","decl":{"start":{"line":75,"column":2},"end":{"line":75,"column":3}},"loc":{"start":{"line":75,"column":14},"end":{"line":75,"column":22}},"line":75},"4":{"name":"(anonymous_4)","decl":{"start":{"line":76,"column":2},"end":{"line":76,"column":3}},"loc":{"start":{"line":76,"column":17},"end":{"line":82,"column":3}},"line":76},"5":{"name":"(anonymous_5)","decl":{"start":{"line":87,"column":9},"end":{"line":87,"column":10}},"loc":{"start":{"line":87,"column":55},"end":{"line":121,"column":3}},"line":87},"6":{"name":"(anonymous_6)","decl":{"start":{"line":123,"column":18},"end":{"line":123,"column":19}},"loc":{"start":{"line":123,"column":30},"end":{"line":133,"column":3}},"line":123},"7":{"name":"(anonymous_7)","decl":{"start":{"line":135,"column":10},"end":{"line":135,"column":11}},"loc":{"start":{"line":135,"column":22},"end":{"line":157,"column":3}},"line":135},"8":{"name":"(anonymous_8)","decl":{"start":{"line":176,"column":12},"end":{"line":176,"column":13}},"loc":{"start":{"line":176,"column":24},"end":{"line":179,"column":3}},"line":176},"9":{"name":"(anonymous_9)","decl":{"start":{"line":180,"column":15},"end":{"line":180,"column":16}},"loc":{"start":{"line":180,"column":37},"end":{"line":183,"column":3}},"line":180},"10":{"name":"(anonymous_10)","decl":{"start":{"line":184,"column":14},"end":{"line":184,"column":15}},"loc":{"start":{"line":184,"column":50},"end":{"line":187,"column":3}},"line":184},"11":{"name":"(anonymous_11)","decl":{"start":{"line":188,"column":14},"end":{"line":188,"column":15}},"loc":{"start":{"line":188,"column":62},"end":{"line":191,"column":3}},"line":188},"12":{"name":"(anonymous_12)","decl":{"start":{"line":192,"column":14},"end":{"line":192,"column":15}},"loc":{"start":{"line":192,"column":36},"end":{"line":212,"column":3}},"line":192},"13":{"name":"(anonymous_13)","decl":{"start":{"line":217,"column":16},"end":{"line":217,"column":17}},"loc":{"start":{"line":217,"column":28},"end":{"line":220,"column":3}},"line":217},"14":{"name":"(anonymous_14)","decl":{"start":{"line":221,"column":23},"end":{"line":221,"column":24}},"loc":{"start":{"line":221,"column":49},"end":{"line":224,"column":3}},"line":221},"15":{"name":"(anonymous_15)","decl":{"start":{"line":225,"column":23},"end":{"line":225,"column":24}},"loc":{"start":{"line":225,"column":35},"end":{"line":228,"column":3}},"line":225},"16":{"name":"(anonymous_16)","decl":{"start":{"line":229,"column":13},"end":{"line":229,"column":14}},"loc":{"start":{"line":229,"column":25},"end":{"line":243,"column":3}},"line":229},"17":{"name":"(anonymous_17)","decl":{"start":{"line":248,"column":14},"end":{"line":248,"column":15}},"loc":{"start":{"line":248,"column":26},"end":{"line":251,"column":3}},"line":248},"18":{"name":"(anonymous_18)","decl":{"start":{"line":253,"column":15},"end":{"line":253,"column":16}},"loc":{"start":{"line":253,"column":41},"end":{"line":256,"column":3}},"line":253},"19":{"name":"(anonymous_19)","decl":{"start":{"line":258,"column":15},"end":{"line":258,"column":16}},"loc":{"start":{"line":258,"column":53},"end":{"line":261,"column":3}},"line":258},"20":{"name":"(anonymous_20)","decl":{"start":{"line":263,"column":15},"end":{"line":263,"column":16}},"loc":{"start":{"line":263,"column":37},"end":{"line":266,"column":3}},"line":263},"21":{"name":"(anonymous_21)","decl":{"start":{"line":280,"column":22},"end":{"line":280,"column":23}},"loc":{"start":{"line":280,"column":49},"end":{"line":283,"column":3}},"line":280},"22":{"name":"(anonymous_22)","decl":{"start":{"line":284,"column":14},"end":{"line":284,"column":15}},"loc":{"start":{"line":284,"column":55},"end":{"line":287,"column":3}},"line":284},"23":{"name":"(anonymous_23)","decl":{"start":{"line":288,"column":17},"end":{"line":288,"column":18}},"loc":{"start":{"line":288,"column":66},"end":{"line":291,"column":3}},"line":288},"24":{"name":"(anonymous_24)","decl":{"start":{"line":292,"column":17},"end":{"line":292,"column":18}},"loc":{"start":{"line":292,"column":39},"end":{"line":294,"column":3}},"line":292},"25":{"name":"(anonymous_25)","decl":{"start":{"line":317,"column":2},"end":{"line":317,"column":3}},"loc":{"start":{"line":317,"column":43},"end":{"line":355,"column":3}},"line":317},"26":{"name":"(anonymous_26)","decl":{"start":{"line":357,"column":2},"end":{"line":357,"column":3}},"loc":{"start":{"line":370,"column":26},"end":{"line":441,"column":3}},"line":370},"27":{"name":"(anonymous_27)","decl":{"start":{"line":443,"column":2},"end":{"line":443,"column":3}},"loc":{"start":{"line":443,"column":110},"end":{"line":456,"column":3}},"line":443},"28":{"name":"(anonymous_28)","decl":{"start":{"line":458,"column":2},"end":{"line":458,"column":3}},"loc":{"start":{"line":458,"column":155},"end":{"line":480,"column":3}},"line":458},"29":{"name":"(anonymous_29)","decl":{"start":{"line":482,"column":2},"end":{"line":482,"column":3}},"loc":{"start":{"line":482,"column":138},"end":{"line":495,"column":3}},"line":482},"30":{"name":"(anonymous_30)","decl":{"start":{"line":497,"column":2},"end":{"line":497,"column":3}},"loc":{"start":{"line":497,"column":151},"end":{"line":509,"column":3}},"line":497},"31":{"name":"(anonymous_31)","decl":{"start":{"line":511,"column":20},"end":{"line":511,"column":21}},"loc":{"start":{"line":511,"column":32},"end":{"line":519,"column":3}},"line":511},"32":{"name":"(anonymous_32)","decl":{"start":{"line":523,"column":2},"end":{"line":523,"column":3}},"loc":{"start":{"line":536,"column":5},"end":{"line":544,"column":3}},"line":536},"33":{"name":"(anonymous_33)","decl":{"start":{"line":546,"column":2},"end":{"line":546,"column":3}},"loc":{"start":{"line":546,"column":81},"end":{"line":561,"column":3}},"line":546},"34":{"name":"(anonymous_34)","decl":{"start":{"line":563,"column":2},"end":{"line":563,"column":3}},"loc":{"start":{"line":563,"column":60},"end":{"line":578,"column":3}},"line":563},"35":{"name":"(anonymous_35)","decl":{"start":{"line":580,"column":2},"end":{"line":580,"column":3}},"loc":{"start":{"line":580,"column":39},"end":{"line":588,"column":3}},"line":580}},"branchMap":{"0":{"loc":{"start":{"line":17,"column":4},"end":{"line":20,"column":5}},"type":"if","locations":[{"start":{"line":17,"column":4},"end":{"line":20,"column":5}},{"start":{},"end":{}}],"line":17},"1":{"loc":{"start":{"line":34,"column":4},"end":{"line":37,"column":5}},"type":"if","locations":[{"start":{"line":34,"column":4},"end":{"line":37,"column":5}},{"start":{},"end":{}}],"line":34},"2":{"loc":{"start":{"line":59,"column":4},"end":{"line":61,"column":5}},"type":"if","locations":[{"start":{"line":59,"column":4},"end":{"line":61,"column":5}},{"start":{},"end":{}}],"line":59},"3":{"loc":{"start":{"line":59,"column":8},"end":{"line":59,"column":39}},"type":"binary-expr","locations":[{"start":{"line":59,"column":8},"end":{"line":59,"column":14}},{"start":{"line":59,"column":18},"end":{"line":59,"column":39}}],"line":59},"4":{"loc":{"start":{"line":63,"column":4},"end":{"line":65,"column":5}},"type":"if","locations":[{"start":{"line":63,"column":4},"end":{"line":65,"column":5}},{"start":{},"end":{}}],"line":63},"5":{"loc":{"start":{"line":77,"column":4},"end":{"line":80,"column":5}},"type":"if","locations":[{"start":{"line":77,"column":4},"end":{"line":80,"column":5}},{"start":{},"end":{}}],"line":77},"6":{"loc":{"start":{"line":77,"column":8},"end":{"line":77,"column":56}},"type":"binary-expr","locations":[{"start":{"line":77,"column":8},"end":{"line":77,"column":23}},{"start":{"line":77,"column":27},"end":{"line":77,"column":56}}],"line":77},"7":{"loc":{"start":{"line":93,"column":6},"end":{"line":95,"column":7}},"type":"if","locations":[{"start":{"line":93,"column":6},"end":{"line":95,"column":7}},{"start":{},"end":{}}],"line":93},"8":{"loc":{"start":{"line":93,"column":10},"end":{"line":93,"column":48}},"type":"binary-expr","locations":[{"start":{"line":93,"column":10},"end":{"line":93,"column":24}},{"start":{"line":93,"column":28},"end":{"line":93,"column":48}}],"line":93},"9":{"loc":{"start":{"line":98,"column":23},"end":{"line":98,"column":58}},"type":"binary-expr","locations":[{"start":{"line":98,"column":23},"end":{"line":98,"column":41}},{"start":{"line":98,"column":45},"end":{"line":98,"column":58}}],"line":98},"10":{"loc":{"start":{"line":99,"column":6},"end":{"line":101,"column":7}},"type":"if","locations":[{"start":{"line":99,"column":6},"end":{"line":101,"column":7}},{"start":{},"end":{}}],"line":99},"11":{"loc":{"start":{"line":99,"column":10},"end":{"line":99,"column":37}},"type":"binary-expr","locations":[{"start":{"line":99,"column":10},"end":{"line":99,"column":19}},{"start":{"line":99,"column":23},"end":{"line":99,"column":37}}],"line":99},"12":{"loc":{"start":{"line":113,"column":6},"end":{"line":118,"column":7}},"type":"if","locations":[{"start":{"line":113,"column":6},"end":{"line":118,"column":7}},{"start":{},"end":{}}],"line":113},"13":{"loc":{"start":{"line":139,"column":20},"end":{"line":139,"column":88}},"type":"binary-expr","locations":[{"start":{"line":139,"column":20},"end":{"line":139,"column":55}},{"start":{"line":139,"column":59},"end":{"line":139,"column":88}}],"line":139},"14":{"loc":{"start":{"line":233,"column":4},"end":{"line":235,"column":5}},"type":"if","locations":[{"start":{"line":233,"column":4},"end":{"line":235,"column":5}},{"start":{},"end":{}}],"line":233},"15":{"loc":{"start":{"line":372,"column":25},"end":{"line":374,"column":46}},"type":"cond-expr","locations":[{"start":{"line":373,"column":10},"end":{"line":373,"column":29}},{"start":{"line":374,"column":10},"end":{"line":374,"column":46}}],"line":372},"16":{"loc":{"start":{"line":379,"column":20},"end":{"line":379,"column":49}},"type":"binary-expr","locations":[{"start":{"line":379,"column":20},"end":{"line":379,"column":35}},{"start":{"line":379,"column":39},"end":{"line":379,"column":49}}],"line":379},"17":{"loc":{"start":{"line":380,"column":19},"end":{"line":380,"column":61}},"type":"binary-expr","locations":[{"start":{"line":380,"column":19},"end":{"line":380,"column":33}},{"start":{"line":380,"column":37},"end":{"line":380,"column":61}}],"line":380},"18":{"loc":{"start":{"line":381,"column":21},"end":{"line":381,"column":45}},"type":"binary-expr","locations":[{"start":{"line":381,"column":21},"end":{"line":381,"column":37}},{"start":{"line":381,"column":41},"end":{"line":381,"column":45}}],"line":381},"19":{"loc":{"start":{"line":386,"column":6},"end":{"line":389,"column":7}},"type":"if","locations":[{"start":{"line":386,"column":6},"end":{"line":389,"column":7}},{"start":{},"end":{}}],"line":386},"20":{"loc":{"start":{"line":418,"column":6},"end":{"line":421,"column":7}},"type":"if","locations":[{"start":{"line":418,"column":6},"end":{"line":421,"column":7}},{"start":{},"end":{}}],"line":418},"21":{"loc":{"start":{"line":423,"column":6},"end":{"line":426,"column":7}},"type":"if","locations":[{"start":{"line":423,"column":6},"end":{"line":426,"column":7}},{"start":{},"end":{}}],"line":423},"22":{"loc":{"start":{"line":428,"column":6},"end":{"line":437,"column":7}},"type":"if","locations":[{"start":{"line":428,"column":6},"end":{"line":437,"column":7}},{"start":{},"end":{}}],"line":428},"23":{"loc":{"start":{"line":430,"column":8},"end":{"line":436,"column":9}},"type":"if","locations":[{"start":{"line":430,"column":8},"end":{"line":436,"column":9}},{"start":{"line":434,"column":15},"end":{"line":436,"column":9}}],"line":430},"24":{"loc":{"start":{"line":430,"column":12},"end":{"line":430,"column":74}},"type":"binary-expr","locations":[{"start":{"line":430,"column":12},"end":{"line":430,"column":41}},{"start":{"line":430,"column":45},"end":{"line":430,"column":74}}],"line":430},"25":{"loc":{"start":{"line":434,"column":15},"end":{"line":436,"column":9}},"type":"if","locations":[{"start":{"line":434,"column":15},"end":{"line":436,"column":9}},{"start":{},"end":{}}],"line":434},"26":{"loc":{"start":{"line":445,"column":18},"end":{"line":447,"column":40}},"type":"cond-expr","locations":[{"start":{"line":446,"column":10},"end":{"line":446,"column":53}},{"start":{"line":447,"column":10},"end":{"line":447,"column":40}}],"line":445},"27":{"loc":{"start":{"line":463,"column":6},"end":{"line":463,"column":53}},"type":"if","locations":[{"start":{"line":463,"column":6},"end":{"line":463,"column":53}},{"start":{},"end":{}}],"line":463},"28":{"loc":{"start":{"line":464,"column":6},"end":{"line":464,"column":59}},"type":"if","locations":[{"start":{"line":464,"column":6},"end":{"line":464,"column":59}},{"start":{},"end":{}}],"line":464},"29":{"loc":{"start":{"line":465,"column":6},"end":{"line":465,"column":53}},"type":"if","locations":[{"start":{"line":465,"column":6},"end":{"line":465,"column":53}},{"start":{},"end":{}}],"line":465},"30":{"loc":{"start":{"line":467,"column":6},"end":{"line":469,"column":7}},"type":"if","locations":[{"start":{"line":467,"column":6},"end":{"line":469,"column":7}},{"start":{},"end":{}}],"line":467},"31":{"loc":{"start":{"line":485,"column":6},"end":{"line":487,"column":7}},"type":"if","locations":[{"start":{"line":485,"column":6},"end":{"line":487,"column":7}},{"start":{},"end":{}}],"line":485},"32":{"loc":{"start":{"line":550,"column":6},"end":{"line":550,"column":59}},"type":"if","locations":[{"start":{"line":550,"column":6},"end":{"line":550,"column":59}},{"start":{},"end":{}}],"line":550},"33":{"loc":{"start":{"line":551,"column":6},"end":{"line":551,"column":53}},"type":"if","locations":[{"start":{"line":551,"column":6},"end":{"line":551,"column":53}},{"start":{},"end":{}}],"line":551},"34":{"loc":{"start":{"line":552,"column":6},"end":{"line":554,"column":7}},"type":"if","locations":[{"start":{"line":552,"column":6},"end":{"line":554,"column":7}},{"start":{},"end":{}}],"line":552},"35":{"loc":{"start":{"line":567,"column":6},"end":{"line":567,"column":59}},"type":"if","locations":[{"start":{"line":567,"column":6},"end":{"line":567,"column":59}},{"start":{},"end":{}}],"line":567},"36":{"loc":{"start":{"line":568,"column":6},"end":{"line":568,"column":53}},"type":"if","locations":[{"start":{"line":568,"column":6},"end":{"line":568,"column":53}},{"start":{},"end":{}}],"line":568},"37":{"loc":{"start":{"line":569,"column":6},"end":{"line":571,"column":7}},"type":"if","locations":[{"start":{"line":569,"column":6},"end":{"line":571,"column":7}},{"start":{},"end":{}}],"line":569}},"s":{"0":0,"1":0,"2":0,"3":0,"4":0,"5":0,"6":0,"7":0,"8":0,"9":0,"10":0,"11":0,"12":0,"13":0,"14":0,"15":0,"16":0,"17":0,"18":0,"19":0,"20":0,"21":0,"22":0,"23":0,"24":0,"25":0,"26":0,"27":0,"28":0,"29":0,"30":0,"31":0,"32":0,"33":0,"34":0,"35":0,"36":0,"37":0,"38":0,"39":0,"40":0,"41":0,"42":0,"43":0,"44":0,"45":0,"46":0,"47":0,"48":0,"49":0,"50":0,"51":0,"52":0,"53":0,"54":0,"55":0,"56":0,"57":0,"58":0,"59":0,"60":0,"61":0,"62":0,"63":0,"64":0,"65":0,"66":0,"67":0,"68":0,"69":0,"70":0,"71":0,"72":0,"73":0,"74":0,"75":0,"76":0,"77":0,"78":0,"79":0,"80":0,"81":0,"82":0,"83":0,"84":0,"85":0,"86":0,"87":0,"88":0,"89":0,"90":0,"91":0,"92":0,"93":0,"94":0,"95":0,"96":0,"97":0,"98":0,"99":0,"100":0,"101":0,"102":0,"103":0,"104":0,"105":0,"106":0,"107":0,"108":0,"109":0,"110":0,"111":0,"112":0,"113":0,"114":0,"115":0,"116":0,"117":0,"118":0,"119":0,"120":0,"121":0,"122":0,"123":0,"124":0,"125":0,"126":0,"127":0,"128":0,"129":0,"130":0,"131":0,"132":0,"133":0,"134":0,"135":0,"136":0,"137":0,"138":0,"139":0,"140":0,"141":0,"142":0,"143":0,"144":0,"145":0,"146":0,"147":0,"148":0,"149":0,"150":0,"151":0,"152":0,"153":0,"154":0,"155":0,"156":0,"157":0,"158":0,"159":0,"160":0,"161":0,"162":0,"163":0,"164":0,"165":0,"166":0,"167":0,"168":0,"169":0,"170":0,"171":0,"172":0,"173":0,"174":0,"175":0,"176":0,"177":0,"178":0,"179":0,"180":0,"181":0,"182":0,"183":0,"184":0,"185":0,"186":0,"187":0,"188":0,"189":0,"190":0,"191":0,"192":0,"193":0,"194":0,"195":0,"196":0,"197":0,"198":0,"199":0,"200":0,"201":0,"202":0,"203":0,"204":0,"205":0,"206":0,"207":0,"208":0,"209":0,"210":0,"211":0,"212":0,"213":0,"214":0,"215":0,"216":0,"217":0,"218":0,"219":0,"220":0,"221":0,"222":0,"223":0,"224":0,"225":0,"226":0,"227":0,"228":0,"229":0,"230":0,"231":0,"232":0,"233":0,"234":0,"235":0,"236":0,"237":0,"238":0,"239":0,"240":0,"241":0,"242":0,"243":0,"244":0,"245":0,"246":0,"247":0},"f":{"0":0,"1":0,"2":0,"3":0,"4":0,"5":0,"6":0,"7":0,"8":0,"9":0,"10":0,"11":0,"12":0,"13":0,"14":0,"15":0,"16":0,"17":0,"18":0,"19":0,"20":0,"21":0,"22":0,"23":0,"24":0,"25":0,"26":0,"27":0,"28":0,"29":0,"30":0,"31":0,"32":0,"33":0,"34":0,"35":0},"b":{"0":[0,0],"1":[0,0],"2":[0,0],"3":[0,0],"4":[0,0],"5":[0,0],"6":[0,0],"7":[0,0],"8":[0,0],"9":[0,0],"10":[0,0],"11":[0,0],"12":[0,0],"13":[0,0],"14":[0,0],"15":[0,0],"16":[0,0],"17":[0,0],"18":[0,0],"19":[0,0],"20":[0,0],"21":[0,0],"22":[0,0],"23":[0,0],"24":[0,0],"25":[0,0],"26":[0,0],"27":[0,0],"28":[0,0],"29":[0,0],"30":[0,0],"31":[0,0],"32":[0,0],"33":[0,0],"34":[0,0],"35":[0,0],"36":[0,0],"37":[0,0]}}
,"C:\\Users\\NickNJelly\\OneDrive\\Documents\\Triple-Threat-plus-One\\04 Impl\\Frontend\\src\\types\\types.ts": {"path":"C:\\Users\\NickNJelly\\OneDrive\\Documents\\Triple-Threat-plus-One\\04 Impl\\Frontend\\src\\types\\types.ts","statementMap":{},"fnMap":{},"branchMap":{},"s":{},"f":{},"b":{}}
}
